Using pre-set license
Built from '2020.3/staging' branch; Version is '2020.3.3f1 (76626098c1c4) revision 7758432'; Using compiler version '192528614'; Build Type 'Release'
OS: 'Windows 10 Home Single Language; OS build 19042.985; Version 2009; 64bit' Language: 'ko' Physical Memory: 7916 MB
BatchMode: 1, IsHumanControllingUs: 0, StartBugReporterOnCrash: 0, Is64bit: 1, IsPro: 0

 COMMAND LINE ARGUMENTS:
D:\Unity_Version\2020.3.3f1\Editor\Unity.exe
-adb2
-batchMode
-noUpm
-name
AssetImportWorker0
-projectPath
C:/Users/zlzls/Desktop/VR_Villian/VillainScene3
-logFile
Logs/AssetImportWorker0.log
-srvPort
60435
Successfully changed project path to: C:/Users/zlzls/Desktop/VR_Villian/VillainScene3
C:/Users/zlzls/Desktop/VR_Villian/VillainScene3
Using Asset Import Pipeline V2.
Refreshing native plugins compatible for Editor in 201.04 ms, found 6 plugins.
Preloading 1 native plugins for Editor in 2.52 ms.
Initialize engine version: 2020.3.3f1 (76626098c1c4)
[Subsystems] Discovering subsystems at path D:/Unity_Version/2020.3.3f1/Editor/Data/Resources/UnitySubsystems
[Subsystems] Discovering subsystems at path C:/Users/zlzls/Desktop/VR_Villian/VillainScene3/Assets
GfxDevice: creating device client; threaded=0
Direct3D:
    Version:  Direct3D 11.0 [level 11.1]
    Renderer: Intel(R) Iris(R) Xe Graphics (ID=0x9a49)
    Vendor:   
    VRAM:     3958 MB
    Driver:   27.20.100.8853
Initialize mono
Mono path[0] = 'D:/Unity_Version/2020.3.3f1/Editor/Data/Managed'
Mono path[1] = 'D:/Unity_Version/2020.3.3f1/Editor/Data/MonoBleedingEdge/lib/mono/unityjit'
Mono config path = 'D:/Unity_Version/2020.3.3f1/Editor/Data/MonoBleedingEdge/etc'
Using monoOptions --debugger-agent=transport=dt_socket,embedding=1,server=y,suspend=n,address=127.0.0.1:56372
Begin MonoManager ReloadAssembly
Registering precompiled unity dll's ...
Register platform support module: D:/Unity_Version/2020.3.3f1/Editor/Data/PlaybackEngines/WindowsStandaloneSupport/UnityEditor.WindowsStandalone.Extensions.dll
Registered in 0.002849 seconds.
Native extension for WindowsStandalone target not found
Refreshing native plugins compatible for Editor in 148.56 ms, found 6 plugins.
Preloading 1 native plugins for Editor in 0.50 ms.
Invoked RoslynAnalysisRunner static constructor.
RoslynAnalysisRunner will not be running.
RoslynAnalysisRunner has terminated.
Mono: successfully reloaded assembly
- Completed reload, in  3.629 seconds
Platform modules already initialized, skipping
Registering precompiled user dll's ...
Registered in 0.011964 seconds.
Begin MonoManager ReloadAssembly
Native extension for WindowsStandalone target not found
Refreshing native plugins compatible for Editor in 174.79 ms, found 6 plugins.
Preloading 1 native plugins for Editor in 0.46 ms.
Invoked RoslynAnalysisRunner static constructor.
RoslynAnalysisRunner will not be running.
RoslynAnalysisRunner has terminated.
[XR] OculusXRPlugin: registering subsystems
[XR] Unable to register display lifecyle provider: [1]
[XR] Oculus Input lifecycle provider registered.
[XR] Unable to register input lifecyle provider: [1]
NullReferenceException: Object reference not set to an instance of an object
  at Unity.XR.Oculus.OculusLoader.AssetPathToAbsolutePath (System.String assetPath) [0x00048] in C:\Users\zlzls\Desktop\VillainOst-main\VillainOst-main\Villain\Library\PackageCache\com.unity.xr.oculus@1.8.1\Runtime\OculusLoader.cs:243 
  at Unity.XR.Oculus.OculusLoader.EditorLoadOVRPlugin () [0x0007b] in C:\Users\zlzls\Desktop\VillainOst-main\VillainOst-main\Villain\Library\PackageCache\com.unity.xr.oculus@1.8.1\Runtime\OculusLoader.cs:228 

(Filename: C:/Users/zlzls/Desktop/VillainOst-main/VillainOst-main/Villain/Library/PackageCache/com.unity.xr.oculus@1.8.1/Runtime/OculusLoader.cs Line: 243)

Mono: successfully reloaded assembly
- Completed reload, in  3.036 seconds
Platform modules already initialized, skipping
========================================================================
Worker process is ready to serve import requests
Launched and connected shader compiler UnityShaderCompiler.exe after 0.08 seconds
Refreshing native plugins compatible for Editor in 1.36 ms, found 6 plugins.
Preloading 1 native plugins for Editor in 0.34 ms.
Unloading 1809 Unused Serialized files (Serialized files now loaded: 0)
System memory in use before: 91.2 MB.
System memory in use after: 91.3 MB.

Unloading 19 unused Assets to reduce memory usage. Loaded Objects now: 2265.
Total: 4.744000 ms (FindLiveObjects: 0.259300 ms CreateObjectMapping: 0.073500 ms MarkObjects: 4.121200 ms  DeleteObjects: 0.287400 ms)

========================================================================
Received Import Request.
  path: Assets/SciFiWarriorPBRHPPolyart/Animations
  artifactKey: Guid(b9a7525684252cf44a06de79640c67a8) Importer(815301076,1909f56bfc062723c751e8b465ee728b)
Start importing Assets/SciFiWarriorPBRHPPolyart/Animations using Guid(b9a7525684252cf44a06de79640c67a8) Importer(815301076,1909f56bfc062723c751e8b465ee728b)  -> (artifact id: '1ada731f9f23e538e34f0bb3bb65edc4') in 0.014889 seconds
  Import took 0.026295 seconds .

========================================================================
Received Import Request.
  Time since last request: 94.558219 seconds.
  path: Assets/VR Controllers Models
  artifactKey: Guid(a910cdc2860452242b79e0bdae8baf59) Importer(815301076,1909f56bfc062723c751e8b465ee728b)
Start importing Assets/VR Controllers Models using Guid(a910cdc2860452242b79e0bdae8baf59) Importer(815301076,1909f56bfc062723c751e8b465ee728b)  -> (artifact id: '8f2a05b81e36eb6bcfa9615608c86117') in 0.005498 seconds
  Import took 0.021397 seconds .

========================================================================
Received Import Request.
  Time since last request: 5.443803 seconds.
  path: Assets/SciFiWarriorPBRHPPolyart/Animators/Boss.controller
  artifactKey: Guid(49f5238ff4ea7904987eb88abce4e495) Importer(815301076,1909f56bfc062723c751e8b465ee728b)
Start importing Assets/SciFiWarriorPBRHPPolyart/Animators/Boss.controller using Guid(49f5238ff4ea7904987eb88abce4e495) Importer(815301076,1909f56bfc062723c751e8b465ee728b)  -> (artifact id: '08d592ed6f8ed1f085ddef0d06b0ad0b') in 0.105011 seconds
  Import took 0.112115 seconds .

========================================================================
Received Prepare
Registering precompiled user dll's ...
Registered in 0.012372 seconds.
Begin MonoManager ReloadAssembly
Native extension for WindowsStandalone target not found
Refreshing native plugins compatible for Editor in 1.51 ms, found 6 plugins.
Preloading 1 native plugins for Editor in 0.49 ms.
Invoked RoslynAnalysisRunner static constructor.
RoslynAnalysisRunner will not be running.
RoslynAnalysisRunner has terminated.
NullReferenceException: Object reference not set to an instance of an object
  at Unity.XR.Oculus.OculusLoader.AssetPathToAbsolutePath (System.String assetPath) [0x00048] in C:\Users\zlzls\Desktop\VillainOst-main\VillainOst-main\Villain\Library\PackageCache\com.unity.xr.oculus@1.8.1\Runtime\OculusLoader.cs:243 
  at Unity.XR.Oculus.OculusLoader.EditorLoadOVRPlugin () [0x0007b] in C:\Users\zlzls\Desktop\VillainOst-main\VillainOst-main\Villain\Library\PackageCache\com.unity.xr.oculus@1.8.1\Runtime\OculusLoader.cs:228 

(Filename: C:/Users/zlzls/Desktop/VillainOst-main/VillainOst-main/Villain/Library/PackageCache/com.unity.xr.oculus@1.8.1/Runtime/OculusLoader.cs Line: 243)

Mono: successfully reloaded assembly
- Completed reload, in  2.546 seconds
Platform modules already initialized, skipping
Switching build target platform(5) subTarget(0) extendedPlatform(0) -> platform(13) subTarget(524294) extendedPlatform(0)
Refreshing native plugins compatible for Editor in 1.49 ms, found 6 plugins.
Preloading 1 native plugins for Editor in 0.41 ms.
Unloading 1787 Unused Serialized files (Serialized files now loaded: 0)
System memory in use before: 89.5 MB.
System memory in use after: 89.6 MB.

Unloading 12 unused Assets to reduce memory usage. Loaded Objects now: 2269.
Total: 3.998200 ms (FindLiveObjects: 0.262000 ms CreateObjectMapping: 0.104100 ms MarkObjects: 3.582100 ms  DeleteObjects: 0.047400 ms)

AssetImportParameters requested are different than current active one (requested -> active):
  custom:graphics/normal-map-encoding: 01000000000000000000000000000000 -> 02000000000000000000000000000000
========================================================================
Received Import Request.
  Time since last request: 240.525273 seconds.
  path: Assets/Animators
  artifactKey: Guid(edffb3847321fde4187f5c3e39ff093e) Importer(815301076,1909f56bfc062723c751e8b465ee728b)
Start importing Assets/Animators using Guid(edffb3847321fde4187f5c3e39ff093e) Importer(815301076,1909f56bfc062723c751e8b465ee728b)  -> (artifact id: 'd85fb0d809947ea6c89edd57215cf2d9') in 0.012588 seconds
  Import took 0.021888 seconds .

========================================================================
Received Import Request.
  Time since last request: 0.439925 seconds.
  path: Assets/Images
  artifactKey: Guid(72e060b22db04e54884c81d99fab8b3b) Importer(815301076,1909f56bfc062723c751e8b465ee728b)
Start importing Assets/Images using Guid(72e060b22db04e54884c81d99fab8b3b) Importer(815301076,1909f56bfc062723c751e8b465ee728b)  -> (artifact id: '973ae70d410029a4890b0576fc609242') in 0.005627 seconds
  Import took 0.012516 seconds .

========================================================================
Received Import Request.
  Time since last request: 76.779217 seconds.
  path: Assets/Prefabs/Materials
  artifactKey: Guid(29d7a1f57fc769c49a7f9400563a2db6) Importer(815301076,1909f56bfc062723c751e8b465ee728b)
Start importing Assets/Prefabs/Materials using Guid(29d7a1f57fc769c49a7f9400563a2db6) Importer(815301076,1909f56bfc062723c751e8b465ee728b)  -> (artifact id: '809e4fe7651a17366a1b604b345be808') in 0.014020 seconds
  Import took 0.021709 seconds .

========================================================================
Received Import Request.
  Time since last request: 8.342801 seconds.
  path: Assets/Images/dialog.png
  artifactKey: Guid(50dae3cf8637fc346b8adb68fb2aae02) Importer(815301076,1909f56bfc062723c751e8b465ee728b)
Start importing Assets/Images/dialog.png using Guid(50dae3cf8637fc346b8adb68fb2aae02) Importer(815301076,1909f56bfc062723c751e8b465ee728b)  -> (artifact id: '8ac8441f4261accc5de3d60cc760b1fa') in 0.208159 seconds
  Import took 0.216881 seconds .

========================================================================
Received Prepare
Registering precompiled user dll's ...
Registered in 0.014776 seconds.
Begin MonoManager ReloadAssembly
Native extension for WindowsStandalone target not found
Refreshing native plugins compatible for Editor in 1.04 ms, found 6 plugins.
Preloading 1 native plugins for Editor in 0.49 ms.
Invoked RoslynAnalysisRunner static constructor.
RoslynAnalysisRunner will not be running.
RoslynAnalysisRunner has terminated.
NullReferenceException: Object reference not set to an instance of an object
  at Unity.XR.Oculus.OculusLoader.AssetPathToAbsolutePath (System.String assetPath) [0x00048] in C:\Users\zlzls\Desktop\VillainOst-main\VillainOst-main\Villain\Library\PackageCache\com.unity.xr.oculus@1.8.1\Runtime\OculusLoader.cs:243 
  at Unity.XR.Oculus.OculusLoader.EditorLoadOVRPlugin () [0x0007b] in C:\Users\zlzls\Desktop\VillainOst-main\VillainOst-main\Villain\Library\PackageCache\com.unity.xr.oculus@1.8.1\Runtime\OculusLoader.cs:228 

(Filename: C:/Users/zlzls/Desktop/VillainOst-main/VillainOst-main/Villain/Library/PackageCache/com.unity.xr.oculus@1.8.1/Runtime/OculusLoader.cs Line: 243)

Mono: successfully reloaded assembly
- Completed reload, in  2.567 seconds
Platform modules already initialized, skipping
Switching build target platform(5) subTarget(0) extendedPlatform(0) -> platform(13) subTarget(524294) extendedPlatform(0)
Refreshing native plugins compatible for Editor in 1.32 ms, found 6 plugins.
Preloading 1 native plugins for Editor in 0.31 ms.
Unloading 1787 Unused Serialized files (Serialized files now loaded: 0)
System memory in use before: 100.4 MB.
System memory in use after: 100.5 MB.

Unloading 12 unused Assets to reduce memory usage. Loaded Objects now: 2275.
Total: 4.042400 ms (FindLiveObjects: 0.291800 ms CreateObjectMapping: 0.139000 ms MarkObjects: 3.567200 ms  DeleteObjects: 0.042600 ms)

AssetImportParameters requested are different than current active one (requested -> active):
  custom:graphics/normal-map-encoding: 01000000000000000000000000000000 -> 02000000000000000000000000000000
========================================================================
Received Import Request.
  Time since last request: 202.416581 seconds.
  path: Assets/Scripts/Warning.cs
  artifactKey: Guid(59e936d194db5494b80764181427c247) Importer(815301076,1909f56bfc062723c751e8b465ee728b)
Start importing Assets/Scripts/Warning.cs using Guid(59e936d194db5494b80764181427c247) Importer(815301076,1909f56bfc062723c751e8b465ee728b)  -> (artifact id: '9c2fdef10d55792319808cf8c2141185') in 0.031377 seconds
  Import took 0.038698 seconds .

========================================================================
Received Import Request.
  Time since last request: 110.425886 seconds.
  path: Assets/SciFiWarriorPBRHPPolyart/Mesh/Polyart_Mesh.fbx
  artifactKey: Guid(860793eb3324391468f1c120a75ec049) Importer(815301076,1909f56bfc062723c751e8b465ee728b)
Start importing Assets/SciFiWarriorPBRHPPolyart/Mesh/Polyart_Mesh.fbx using Guid(860793eb3324391468f1c120a75ec049) Importer(815301076,1909f56bfc062723c751e8b465ee728b)  -> (artifact id: 'e2fa3133c20bf8ba6d54920d86e4e063') in 0.687854 seconds
  Import took 0.695913 seconds .

========================================================================
Received Import Request.
  Time since last request: 6.929938 seconds.
  path: Assets/SciFiWarriorPBRHPPolyart/Mesh/PBR_HP_Mesh.fbx
  artifactKey: Guid(5ae220fa0f79ffe41b0102a618febf5a) Importer(815301076,1909f56bfc062723c751e8b465ee728b)
Start importing Assets/SciFiWarriorPBRHPPolyart/Mesh/PBR_HP_Mesh.fbx using Guid(5ae220fa0f79ffe41b0102a618febf5a) Importer(815301076,1909f56bfc062723c751e8b465ee728b)  -> (artifact id: 'c8d99b7f1c458ce12a6e00d497751262') in 0.170452 seconds
  Import took 0.179900 seconds .

========================================================================
Received Import Request.
  Time since last request: 4.884459 seconds.
  path: Assets/SciFiWarriorPBRHPPolyart/Animators/Machine.controller
  artifactKey: Guid(6defa2fea7e9a934a8d2cafa30dc567a) Importer(815301076,1909f56bfc062723c751e8b465ee728b)
Start importing Assets/SciFiWarriorPBRHPPolyart/Animators/Machine.controller using Guid(6defa2fea7e9a934a8d2cafa30dc567a) Importer(815301076,1909f56bfc062723c751e8b465ee728b)  -> (artifact id: 'f873181d94b50ad0f392590e9f800d75') in 0.058977 seconds
  Import took 0.066632 seconds .

========================================================================
Received Import Request.
  Time since last request: 11.623249 seconds.
  path: Assets/SciFiWarriorPBRHPPolyart/Animations/WalkBack_Shoot_ar.fbx
  artifactKey: Guid(669b29b2139d8de4ca5447dd50e201af) Importer(815301076,1909f56bfc062723c751e8b465ee728b)
Start importing Assets/SciFiWarriorPBRHPPolyart/Animations/WalkBack_Shoot_ar.fbx using Guid(669b29b2139d8de4ca5447dd50e201af) Importer(815301076,1909f56bfc062723c751e8b465ee728b)  -> (artifact id: 'dda86df207c2d14f4ab1ca82bc0bab17') in 0.199329 seconds
  Import took 0.219702 seconds .

========================================================================
Received Import Request.
  Time since last request: 0.265115 seconds.
  path: Assets/SciFiWarriorPBRHPPolyart/Animations/WalkLeft_Shoot_ar.fbx
  artifactKey: Guid(34d1b8e01a0412f449dcefc77b05e27b) Importer(815301076,1909f56bfc062723c751e8b465ee728b)
Start importing Assets/SciFiWarriorPBRHPPolyart/Animations/WalkLeft_Shoot_ar.fbx using Guid(34d1b8e01a0412f449dcefc77b05e27b) Importer(815301076,1909f56bfc062723c751e8b465ee728b)  -> (artifact id: '01c173b34599c6191defe42413245512') in 0.212950 seconds
  Import took 0.221081 seconds .

========================================================================
Received Import Request.
  Time since last request: 0.663501 seconds.
  path: Assets/SciFiWarriorPBRHPPolyart/Animations/Shoot_AutoShot_AR.fbx
  artifactKey: Guid(76a61eccc11250c4da8bd7f1d87fa2fe) Importer(815301076,1909f56bfc062723c751e8b465ee728b)
Start importing Assets/SciFiWarriorPBRHPPolyart/Animations/Shoot_AutoShot_AR.fbx using Guid(76a61eccc11250c4da8bd7f1d87fa2fe) Importer(815301076,1909f56bfc062723c751e8b465ee728b)  -> (artifact id: '94ac0d8b831580cb8a3452f2dc14f868') in 0.232799 seconds
  Import took 0.248744 seconds .

========================================================================
Received Import Request.
  Time since last request: 0.037458 seconds.
  path: Assets/SciFiWarriorPBRHPPolyart/Animations/Reload.fbx
  artifactKey: Guid(45b9c258f262e844e8f5316722fc04c6) Importer(815301076,1909f56bfc062723c751e8b465ee728b)
Start importing Assets/SciFiWarriorPBRHPPolyart/Animations/Reload.fbx using Guid(45b9c258f262e844e8f5316722fc04c6) Importer(815301076,1909f56bfc062723c751e8b465ee728b)  -> (artifact id: '9be11f4b00dd8a7f783a102a2a1879f2') in 0.223741 seconds
  Import took 0.233159 seconds .

========================================================================
Received Import Request.
  Time since last request: 0.575580 seconds.
  path: Assets/SciFiWarriorPBRHPPolyart/Animations/Idle_Ducking_ar.fbx
  artifactKey: Guid(3ad7c5979f6586d4a9532a55492a0ebe) Importer(815301076,1909f56bfc062723c751e8b465ee728b)
Start importing Assets/SciFiWarriorPBRHPPolyart/Animations/Idle_Ducking_ar.fbx using Guid(3ad7c5979f6586d4a9532a55492a0ebe) Importer(815301076,1909f56bfc062723c751e8b465ee728b)  -> (artifact id: 'a45c07d12326816b670d536563256393') in 0.221603 seconds
  Import took 0.231282 seconds .

========================================================================
Received Import Request.
  Time since last request: 0.125112 seconds.
  path: Assets/SciFiWarriorPBRHPPolyart/Animations/AvatarMask.mask
  artifactKey: Guid(e0402be4321aa2646a7af179c44591a7) Importer(815301076,1909f56bfc062723c751e8b465ee728b)
Start importing Assets/SciFiWarriorPBRHPPolyart/Animations/AvatarMask.mask using Guid(e0402be4321aa2646a7af179c44591a7) Importer(815301076,1909f56bfc062723c751e8b465ee728b)  -> (artifact id: '947aadc8fbcd52d66c2a7b5386ce64e3') in 0.014455 seconds
  Import took 0.022364 seconds .

========================================================================
Received Import Request.
  Time since last request: 1.199413 seconds.
  path: Assets/Scenes
  artifactKey: Guid(b7c27d4772af0e2478f9cd75ca7bb39e) Importer(815301076,1909f56bfc062723c751e8b465ee728b)
Start importing Assets/Scenes using Guid(b7c27d4772af0e2478f9cd75ca7bb39e) Importer(815301076,1909f56bfc062723c751e8b465ee728b)  -> (artifact id: '86d2a55060e87d891fd5684df7819b56') in 0.014614 seconds
  Import took 0.022859 seconds .

========================================================================
Received Prepare
Registering precompiled user dll's ...
Registered in 0.019275 seconds.
Begin MonoManager ReloadAssembly
Native extension for WindowsStandalone target not found
Refreshing native plugins compatible for Editor in 1.45 ms, found 6 plugins.
Preloading 1 native plugins for Editor in 0.49 ms.
Invoked RoslynAnalysisRunner static constructor.
RoslynAnalysisRunner will not be running.
RoslynAnalysisRunner has terminated.
NullReferenceException: Object reference not set to an instance of an object
  at Unity.XR.Oculus.OculusLoader.AssetPathToAbsolutePath (System.String assetPath) [0x00048] in C:\Users\zlzls\Desktop\VillainOst-main\VillainOst-main\Villain\Library\PackageCache\com.unity.xr.oculus@1.8.1\Runtime\OculusLoader.cs:243 
  at Unity.XR.Oculus.OculusLoader.EditorLoadOVRPlugin () [0x0007b] in C:\Users\zlzls\Desktop\VillainOst-main\VillainOst-main\Villain\Library\PackageCache\com.unity.xr.oculus@1.8.1\Runtime\OculusLoader.cs:228 

(Filename: C:/Users/zlzls/Desktop/VillainOst-main/VillainOst-main/Villain/Library/PackageCache/com.unity.xr.oculus@1.8.1/Runtime/OculusLoader.cs Line: 243)

Mono: successfully reloaded assembly
- Completed reload, in  2.317 seconds
Platform modules already initialized, skipping
Switching build target platform(5) subTarget(0) extendedPlatform(0) -> platform(13) subTarget(524294) extendedPlatform(0)
Refreshing native plugins compatible for Editor in 1.50 ms, found 6 plugins.
Preloading 1 native plugins for Editor in 0.43 ms.
Unloading 1787 Unused Serialized files (Serialized files now loaded: 0)
System memory in use before: 128.5 MB.
System memory in use after: 128.6 MB.

Unloading 13 unused Assets to reduce memory usage. Loaded Objects now: 2323.
Total: 10.467300 ms (FindLiveObjects: 5.808100 ms CreateObjectMapping: 0.125100 ms MarkObjects: 4.484100 ms  DeleteObjects: 0.048000 ms)

AssetImportParameters requested are different than current active one (requested -> active):
  custom:graphics/normal-map-encoding: 01000000000000000000000000000000 -> 02000000000000000000000000000000
========================================================================
Received Prepare
Registering precompiled user dll's ...
Registered in 0.009016 seconds.
Begin MonoManager ReloadAssembly
Native extension for WindowsStandalone target not found
Refreshing native plugins compatible for Editor in 2.07 ms, found 6 plugins.
Preloading 1 native plugins for Editor in 0.61 ms.
Invoked RoslynAnalysisRunner static constructor.
RoslynAnalysisRunner will not be running.
RoslynAnalysisRunner has terminated.
NullReferenceException: Object reference not set to an instance of an object
  at Unity.XR.Oculus.OculusLoader.AssetPathToAbsolutePath (System.String assetPath) [0x00048] in C:\Users\zlzls\Desktop\VillainOst-main\VillainOst-main\Villain\Library\PackageCache\com.unity.xr.oculus@1.8.1\Runtime\OculusLoader.cs:243 
  at Unity.XR.Oculus.OculusLoader.EditorLoadOVRPlugin () [0x0007b] in C:\Users\zlzls\Desktop\VillainOst-main\VillainOst-main\Villain\Library\PackageCache\com.unity.xr.oculus@1.8.1\Runtime\OculusLoader.cs:228 

(Filename: C:/Users/zlzls/Desktop/VillainOst-main/VillainOst-main/Villain/Library/PackageCache/com.unity.xr.oculus@1.8.1/Runtime/OculusLoader.cs Line: 243)

Mono: successfully reloaded assembly
- Completed reload, in  2.835 seconds
Platform modules already initialized, skipping
Switching build target platform(5) subTarget(0) extendedPlatform(0) -> platform(13) subTarget(524294) extendedPlatform(0)
Refreshing native plugins compatible for Editor in 1.59 ms, found 6 plugins.
Preloading 1 native plugins for Editor in 0.39 ms.
Unloading 1787 Unused Serialized files (Serialized files now loaded: 0)
System memory in use before: 128.5 MB.
System memory in use after: 128.6 MB.

Unloading 12 unused Assets to reduce memory usage. Loaded Objects now: 2327.
Total: 4.822300 ms (FindLiveObjects: 0.425100 ms CreateObjectMapping: 0.134200 ms MarkObjects: 4.190400 ms  DeleteObjects: 0.069700 ms)

AssetImportParameters requested are different than current active one (requested -> active):
  custom:graphics/normal-map-encoding: 01000000000000000000000000000000 -> 02000000000000000000000000000000
========================================================================
Received Import Request.
  Time since last request: 333.448582 seconds.
  path: Assets/Scripts/Warning.cs
  artifactKey: Guid(59e936d194db5494b80764181427c247) Importer(815301076,1909f56bfc062723c751e8b465ee728b)
Start importing Assets/Scripts/Warning.cs using Guid(59e936d194db5494b80764181427c247) Importer(815301076,1909f56bfc062723c751e8b465ee728b)  -> (artifact id: '510b00904cedb0ce2ac58b52c152c608') in 0.014523 seconds
  Import took 0.024174 seconds .

========================================================================
Received Prepare
Registering precompiled user dll's ...
Registered in 0.022732 seconds.
Begin MonoManager ReloadAssembly
Native extension for WindowsStandalone target not found
Refreshing native plugins compatible for Editor in 1.51 ms, found 6 plugins.
Preloading 1 native plugins for Editor in 0.56 ms.
Invoked RoslynAnalysisRunner static constructor.
RoslynAnalysisRunner will not be running.
RoslynAnalysisRunner has terminated.
NullReferenceException: Object reference not set to an instance of an object
  at Unity.XR.Oculus.OculusLoader.AssetPathToAbsolutePath (System.String assetPath) [0x00048] in C:\Users\zlzls\Desktop\VillainOst-main\VillainOst-main\Villain\Library\PackageCache\com.unity.xr.oculus@1.8.1\Runtime\OculusLoader.cs:243 
  at Unity.XR.Oculus.OculusLoader.EditorLoadOVRPlugin () [0x0007b] in C:\Users\zlzls\Desktop\VillainOst-main\VillainOst-main\Villain\Library\PackageCache\com.unity.xr.oculus@1.8.1\Runtime\OculusLoader.cs:228 

(Filename: C:/Users/zlzls/Desktop/VillainOst-main/VillainOst-main/Villain/Library/PackageCache/com.unity.xr.oculus@1.8.1/Runtime/OculusLoader.cs Line: 243)

Mono: successfully reloaded assembly
- Completed reload, in  2.854 seconds
Platform modules already initialized, skipping
Switching build target platform(5) subTarget(0) extendedPlatform(0) -> platform(13) subTarget(524294) extendedPlatform(0)
Refreshing native plugins compatible for Editor in 0.68 ms, found 6 plugins.
Preloading 1 native plugins for Editor in 0.27 ms.
Unloading 1787 Unused Serialized files (Serialized files now loaded: 0)
System memory in use before: 128.5 MB.
System memory in use after: 128.6 MB.

Unloading 12 unused Assets to reduce memory usage. Loaded Objects now: 2331.
Total: 4.992500 ms (FindLiveObjects: 0.351500 ms CreateObjectMapping: 0.119400 ms MarkObjects: 4.482200 ms  DeleteObjects: 0.037000 ms)

AssetImportParameters requested are different than current active one (requested -> active):
  custom:graphics/normal-map-encoding: 01000000000000000000000000000000 -> 02000000000000000000000000000000
========================================================================
Received Prepare
Registering precompiled user dll's ...
Registered in 0.090630 seconds.
Begin MonoManager ReloadAssembly
Native extension for WindowsStandalone target not found
Refreshing native plugins compatible for Editor in 1.58 ms, found 6 plugins.
Preloading 1 native plugins for Editor in 0.57 ms.
Invoked RoslynAnalysisRunner static constructor.
RoslynAnalysisRunner will not be running.
RoslynAnalysisRunner has terminated.
NullReferenceException: Object reference not set to an instance of an object
  at Unity.XR.Oculus.OculusLoader.AssetPathToAbsolutePath (System.String assetPath) [0x00048] in C:\Users\zlzls\Desktop\VillainOst-main\VillainOst-main\Villain\Library\PackageCache\com.unity.xr.oculus@1.8.1\Runtime\OculusLoader.cs:243 
  at Unity.XR.Oculus.OculusLoader.EditorLoadOVRPlugin () [0x0007b] in C:\Users\zlzls\Desktop\VillainOst-main\VillainOst-main\Villain\Library\PackageCache\com.unity.xr.oculus@1.8.1\Runtime\OculusLoader.cs:228 

(Filename: C:/Users/zlzls/Desktop/VillainOst-main/VillainOst-main/Villain/Library/PackageCache/com.unity.xr.oculus@1.8.1/Runtime/OculusLoader.cs Line: 243)

Mono: successfully reloaded assembly
- Completed reload, in  2.858 seconds
Platform modules already initialized, skipping
Switching build target platform(5) subTarget(0) extendedPlatform(0) -> platform(13) subTarget(524294) extendedPlatform(0)
Refreshing native plugins compatible for Editor in 1.49 ms, found 6 plugins.
Preloading 1 native plugins for Editor in 0.41 ms.
Unloading 1787 Unused Serialized files (Serialized files now loaded: 0)
System memory in use before: 128.5 MB.
System memory in use after: 128.7 MB.

Unloading 12 unused Assets to reduce memory usage. Loaded Objects now: 2335.
Total: 4.788700 ms (FindLiveObjects: 0.345500 ms CreateObjectMapping: 0.093200 ms MarkObjects: 4.277400 ms  DeleteObjects: 0.069900 ms)

AssetImportParameters requested are different than current active one (requested -> active):
  custom:graphics/normal-map-encoding: 01000000000000000000000000000000 -> 02000000000000000000000000000000
========================================================================
Received Import Request.
  Time since last request: 1644.495575 seconds.
  path: Packages/com.unity.xr.interaction.toolkit/Runtime/Interaction/XRInteractionManager.cs
  artifactKey: Guid(83e4e6cca11330d4088d729ab4fc9d9f) Importer(815301076,1909f56bfc062723c751e8b465ee728b)
Start importing Packages/com.unity.xr.interaction.toolkit/Runtime/Interaction/XRInteractionManager.cs using Guid(83e4e6cca11330d4088d729ab4fc9d9f) Importer(815301076,1909f56bfc062723c751e8b465ee728b)  -> (artifact id: '97828f49472735d34acae52492c1482b') in 0.014353 seconds
  Import took 0.024645 seconds .

========================================================================
Received Import Request.
  Time since last request: 0.009705 seconds.
  path: Packages/com.unity.xr.interaction.toolkit/Runtime/Interaction/XRInteractionManager.cs
  artifactKey: Guid(83e4e6cca11330d4088d729ab4fc9d9f) Importer(815301076,1909f56bfc062723c751e8b465ee728b)
Start importing Packages/com.unity.xr.interaction.toolkit/Runtime/Interaction/XRInteractionManager.cs using Guid(83e4e6cca11330d4088d729ab4fc9d9f) Importer(815301076,1909f56bfc062723c751e8b465ee728b)  -> (artifact id: '97828f49472735d34acae52492c1482b') in 0.007565 seconds
  Import took 0.015334 seconds .

========================================================================
Received Import Request.
  Time since last request: 4.444521 seconds.
  path: Packages/com.unity.xr.interaction.toolkit/Runtime/Interaction/XRInteractionEvents.cs
  artifactKey: Guid(771f39ba87bd85c4486262968b641c1a) Importer(815301076,1909f56bfc062723c751e8b465ee728b)
Start importing Packages/com.unity.xr.interaction.toolkit/Runtime/Interaction/XRInteractionEvents.cs using Guid(771f39ba87bd85c4486262968b641c1a) Importer(815301076,1909f56bfc062723c751e8b465ee728b)  -> (artifact id: 'ad43fbfe4923d7db2136c6d9aa1c3402') in 0.006645 seconds
  Import took 0.014153 seconds .

========================================================================
Received Prepare
Registering precompiled user dll's ...
Registered in 0.034882 seconds.
Begin MonoManager ReloadAssembly
Native extension for WindowsStandalone target not found
Refreshing native plugins compatible for Editor in 1.64 ms, found 6 plugins.
Preloading 1 native plugins for Editor in 0.58 ms.
Invoked RoslynAnalysisRunner static constructor.
RoslynAnalysisRunner will not be running.
RoslynAnalysisRunner has terminated.
NullReferenceException: Object reference not set to an instance of an object
  at Unity.XR.Oculus.OculusLoader.AssetPathToAbsolutePath (System.String assetPath) [0x00048] in C:\Users\zlzls\Desktop\VillainOst-main\VillainOst-main\Villain\Library\PackageCache\com.unity.xr.oculus@1.8.1\Runtime\OculusLoader.cs:243 
  at Unity.XR.Oculus.OculusLoader.EditorLoadOVRPlugin () [0x0007b] in C:\Users\zlzls\Desktop\VillainOst-main\VillainOst-main\Villain\Library\PackageCache\com.unity.xr.oculus@1.8.1\Runtime\OculusLoader.cs:228 

(Filename: C:/Users/zlzls/Desktop/VillainOst-main/VillainOst-main/Villain/Library/PackageCache/com.unity.xr.oculus@1.8.1/Runtime/OculusLoader.cs Line: 243)

Mono: successfully reloaded assembly
- Completed reload, in  2.752 seconds
Platform modules already initialized, skipping
Switching build target platform(5) subTarget(0) extendedPlatform(0) -> platform(13) subTarget(524294) extendedPlatform(0)
Refreshing native plugins compatible for Editor in 1.52 ms, found 6 plugins.
Preloading 1 native plugins for Editor in 0.40 ms.
Unloading 1787 Unused Serialized files (Serialized files now loaded: 0)
System memory in use before: 128.5 MB.
System memory in use after: 128.7 MB.

Unloading 12 unused Assets to reduce memory usage. Loaded Objects now: 2339.
Total: 4.797000 ms (FindLiveObjects: 0.344500 ms CreateObjectMapping: 0.119700 ms MarkObjects: 4.278900 ms  DeleteObjects: 0.051400 ms)

AssetImportParameters requested are different than current active one (requested -> active):
  custom:graphics/normal-map-encoding: 01000000000000000000000000000000 -> 02000000000000000000000000000000
========================================================================
Received Import Request.
  Time since last request: 824.673173 seconds.
  path: Packages/com.unity.xr.interaction.toolkit/Runtime/Interaction/Controllers/XRController.cs
  artifactKey: Guid(1ae26e19cd956134bbdf3c6f65bf393a) Importer(815301076,1909f56bfc062723c751e8b465ee728b)
Start importing Packages/com.unity.xr.interaction.toolkit/Runtime/Interaction/Controllers/XRController.cs using Guid(1ae26e19cd956134bbdf3c6f65bf393a) Importer(815301076,1909f56bfc062723c751e8b465ee728b)  -> (artifact id: 'db3b826f21d61b14f100828a349565d4') in 0.012190 seconds
  Import took 0.018989 seconds .

========================================================================
Received Prepare
Registering precompiled user dll's ...
Registered in 0.033832 seconds.
Begin MonoManager ReloadAssembly
Native extension for WindowsStandalone target not found
Refreshing native plugins compatible for Editor in 1.44 ms, found 6 plugins.
Preloading 1 native plugins for Editor in 0.49 ms.
Invoked RoslynAnalysisRunner static constructor.
RoslynAnalysisRunner will not be running.
RoslynAnalysisRunner has terminated.
NullReferenceException: Object reference not set to an instance of an object
  at Unity.XR.Oculus.OculusLoader.AssetPathToAbsolutePath (System.String assetPath) [0x00048] in C:\Users\zlzls\Desktop\VillainOst-main\VillainOst-main\Villain\Library\PackageCache\com.unity.xr.oculus@1.8.1\Runtime\OculusLoader.cs:243 
  at Unity.XR.Oculus.OculusLoader.EditorLoadOVRPlugin () [0x0007b] in C:\Users\zlzls\Desktop\VillainOst-main\VillainOst-main\Villain\Library\PackageCache\com.unity.xr.oculus@1.8.1\Runtime\OculusLoader.cs:228 

(Filename: C:/Users/zlzls/Desktop/VillainOst-main/VillainOst-main/Villain/Library/PackageCache/com.unity.xr.oculus@1.8.1/Runtime/OculusLoader.cs Line: 243)

Mono: successfully reloaded assembly
- Completed reload, in  3.210 seconds
Platform modules already initialized, skipping
Switching build target platform(5) subTarget(0) extendedPlatform(0) -> platform(13) subTarget(524294) extendedPlatform(0)
Refreshing native plugins compatible for Editor in 1.78 ms, found 6 plugins.
Preloading 1 native plugins for Editor in 0.53 ms.
Unloading 1787 Unused Serialized files (Serialized files now loaded: 0)
System memory in use before: 128.6 MB.
System memory in use after: 128.7 MB.

Unloading 12 unused Assets to reduce memory usage. Loaded Objects now: 2343.
Total: 4.650800 ms (FindLiveObjects: 0.379500 ms CreateObjectMapping: 0.126800 ms MarkObjects: 4.122700 ms  DeleteObjects: 0.019700 ms)

AssetImportParameters requested are different than current active one (requested -> active):
  custom:graphics/normal-map-encoding: 01000000000000000000000000000000 -> 02000000000000000000000000000000
========================================================================
Received Prepare
Registering precompiled user dll's ...
Registered in 0.056530 seconds.
Begin MonoManager ReloadAssembly
Native extension for WindowsStandalone target not found
Refreshing native plugins compatible for Editor in 2.22 ms, found 6 plugins.
Preloading 1 native plugins for Editor in 0.65 ms.
Invoked RoslynAnalysisRunner static constructor.
RoslynAnalysisRunner will not be running.
RoslynAnalysisRunner has terminated.
NullReferenceException: Object reference not set to an instance of an object
  at Unity.XR.Oculus.OculusLoader.AssetPathToAbsolutePath (System.String assetPath) [0x00048] in C:\Users\zlzls\Desktop\VillainOst-main\VillainOst-main\Villain\Library\PackageCache\com.unity.xr.oculus@1.8.1\Runtime\OculusLoader.cs:243 
  at Unity.XR.Oculus.OculusLoader.EditorLoadOVRPlugin () [0x0007b] in C:\Users\zlzls\Desktop\VillainOst-main\VillainOst-main\Villain\Library\PackageCache\com.unity.xr.oculus@1.8.1\Runtime\OculusLoader.cs:228 

(Filename: C:/Users/zlzls/Desktop/VillainOst-main/VillainOst-main/Villain/Library/PackageCache/com.unity.xr.oculus@1.8.1/Runtime/OculusLoader.cs Line: 243)

Mono: successfully reloaded assembly
- Completed reload, in  4.090 seconds
Platform modules already initialized, skipping
Switching build target platform(5) subTarget(0) extendedPlatform(0) -> platform(13) subTarget(524294) extendedPlatform(0)
Refreshing native plugins compatible for Editor in 2.03 ms, found 6 plugins.
Preloading 1 native plugins for Editor in 0.51 ms.
Unloading 1787 Unused Serialized files (Serialized files now loaded: 0)
System memory in use before: 128.6 MB.
System memory in use after: 128.7 MB.

Unloading 12 unused Assets to reduce memory usage. Loaded Objects now: 2347.
Total: 4.898000 ms (FindLiveObjects: 0.501200 ms CreateObjectMapping: 0.186300 ms MarkObjects: 4.174900 ms  DeleteObjects: 0.032700 ms)

AssetImportParameters requested are different than current active one (requested -> active):
  custom:graphics/normal-map-encoding: 01000000000000000000000000000000 -> 02000000000000000000000000000000
========================================================================
Received Prepare
Registering precompiled user dll's ...
Registered in 0.014171 seconds.
Begin MonoManager ReloadAssembly
Native extension for WindowsStandalone target not found
Refreshing native plugins compatible for Editor in 1.54 ms, found 6 plugins.
Preloading 1 native plugins for Editor in 0.50 ms.
Invoked RoslynAnalysisRunner static constructor.
RoslynAnalysisRunner will not be running.
RoslynAnalysisRunner has terminated.
NullReferenceException: Object reference not set to an instance of an object
  at Unity.XR.Oculus.OculusLoader.AssetPathToAbsolutePath (System.String assetPath) [0x00048] in C:\Users\zlzls\Desktop\VillainOst-main\VillainOst-main\Villain\Library\PackageCache\com.unity.xr.oculus@1.8.1\Runtime\OculusLoader.cs:243 
  at Unity.XR.Oculus.OculusLoader.EditorLoadOVRPlugin () [0x0007b] in C:\Users\zlzls\Desktop\VillainOst-main\VillainOst-main\Villain\Library\PackageCache\com.unity.xr.oculus@1.8.1\Runtime\OculusLoader.cs:228 

(Filename: C:/Users/zlzls/Desktop/VillainOst-main/VillainOst-main/Villain/Library/PackageCache/com.unity.xr.oculus@1.8.1/Runtime/OculusLoader.cs Line: 243)

Mono: successfully reloaded assembly
- Completed reload, in  2.732 seconds
Platform modules already initialized, skipping
Switching build target platform(5) subTarget(0) extendedPlatform(0) -> platform(13) subTarget(524294) extendedPlatform(0)
Refreshing native plugins compatible for Editor in 1.44 ms, found 6 plugins.
Preloading 1 native plugins for Editor in 0.41 ms.
Unloading 1787 Unused Serialized files (Serialized files now loaded: 0)
System memory in use before: 128.6 MB.
System memory in use after: 128.7 MB.

Unloading 12 unused Assets to reduce memory usage. Loaded Objects now: 2351.
Total: 5.013100 ms (FindLiveObjects: 0.563300 ms CreateObjectMapping: 0.131500 ms MarkObjects: 4.229900 ms  DeleteObjects: 0.084700 ms)

AssetImportParameters requested are different than current active one (requested -> active):
  custom:graphics/normal-map-encoding: 01000000000000000000000000000000 -> 02000000000000000000000000000000
========================================================================
Received Prepare
Registering precompiled user dll's ...
Registered in 0.015294 seconds.
Begin MonoManager ReloadAssembly
Native extension for WindowsStandalone target not found
Refreshing native plugins compatible for Editor in 1.56 ms, found 6 plugins.
Preloading 1 native plugins for Editor in 0.52 ms.
Invoked RoslynAnalysisRunner static constructor.
RoslynAnalysisRunner will not be running.
RoslynAnalysisRunner has terminated.
NullReferenceException: Object reference not set to an instance of an object
  at Unity.XR.Oculus.OculusLoader.AssetPathToAbsolutePath (System.String assetPath) [0x00048] in C:\Users\zlzls\Desktop\VillainOst-main\VillainOst-main\Villain\Library\PackageCache\com.unity.xr.oculus@1.8.1\Runtime\OculusLoader.cs:243 
  at Unity.XR.Oculus.OculusLoader.EditorLoadOVRPlugin () [0x0007b] in C:\Users\zlzls\Desktop\VillainOst-main\VillainOst-main\Villain\Library\PackageCache\com.unity.xr.oculus@1.8.1\Runtime\OculusLoader.cs:228 

(Filename: C:/Users/zlzls/Desktop/VillainOst-main/VillainOst-main/Villain/Library/PackageCache/com.unity.xr.oculus@1.8.1/Runtime/OculusLoader.cs Line: 243)

Mono: successfully reloaded assembly
- Completed reload, in  2.727 seconds
Platform modules already initialized, skipping
Switching build target platform(5) subTarget(0) extendedPlatform(0) -> platform(13) subTarget(524294) extendedPlatform(0)
Refreshing native plugins compatible for Editor in 1.68 ms, found 6 plugins.
Preloading 1 native plugins for Editor in 0.45 ms.
Unloading 1787 Unused Serialized files (Serialized files now loaded: 0)
System memory in use before: 128.6 MB.
System memory in use after: 128.7 MB.

Unloading 12 unused Assets to reduce memory usage. Loaded Objects now: 2355.
Total: 4.765300 ms (FindLiveObjects: 0.380300 ms CreateObjectMapping: 0.126000 ms MarkObjects: 4.202800 ms  DeleteObjects: 0.053300 ms)

AssetImportParameters requested are different than current active one (requested -> active):
  custom:graphics/normal-map-encoding: 01000000000000000000000000000000 -> 02000000000000000000000000000000
========================================================================
Received Import Request.
  Time since last request: 7522.809544 seconds.
  path: Assets/Images/dialog.png
  artifactKey: Guid(50dae3cf8637fc346b8adb68fb2aae02) Importer(815301076,1909f56bfc062723c751e8b465ee728b)
Start importing Assets/Images/dialog.png using Guid(50dae3cf8637fc346b8adb68fb2aae02) Importer(815301076,1909f56bfc062723c751e8b465ee728b)  -> (artifact id: '9613c26ea11b2ac0e45a2cb9d619ac8a') in 0.236851 seconds
  Import took 0.245068 seconds .

========================================================================
Received Import Request.
  Time since last request: 0.303910 seconds.
  path: Assets/Images/WARNING.png
  artifactKey: Guid(625d3e1650ed6ae41b93599e185ce1b3) Importer(815301076,1909f56bfc062723c751e8b465ee728b)
Start importing Assets/Images/WARNING.png using Guid(625d3e1650ed6ae41b93599e185ce1b3) Importer(815301076,1909f56bfc062723c751e8b465ee728b)  -> (artifact id: '93b2b7709b8c6adb58b563f66ca60d68') in 0.077789 seconds
  Import took 0.085152 seconds .

========================================================================
Received Import Request.
  Time since last request: 4.338162 seconds.
  path: Assets/Images/WARNING.png
  artifactKey: Guid(625d3e1650ed6ae41b93599e185ce1b3) Importer(815301076,1909f56bfc062723c751e8b465ee728b)
Start importing Assets/Images/WARNING.png using Guid(625d3e1650ed6ae41b93599e185ce1b3) Importer(815301076,1909f56bfc062723c751e8b465ee728b)  -> (artifact id: 'bbec4e9cf55c61ca382e54082ad37bbb') in 0.055182 seconds
  Import took 0.072335 seconds .

========================================================================
Received Import Request.
  Time since last request: 185.388583 seconds.
  path: Assets/Images/WARNING1.png
  artifactKey: Guid(8c7c0bf76a22cee4d8af299bb1070216) Importer(815301076,1909f56bfc062723c751e8b465ee728b)
Start importing Assets/Images/WARNING1.png using Guid(8c7c0bf76a22cee4d8af299bb1070216) Importer(815301076,1909f56bfc062723c751e8b465ee728b)  -> (artifact id: 'f4f1cc88e0b9739e75a2c9af93836488') in 0.025694 seconds
  Import took 0.033591 seconds .

========================================================================
Received Import Request.
  Time since last request: 133.441817 seconds.
  path: Assets/Images/WARNING1.png
  artifactKey: Guid(8c7c0bf76a22cee4d8af299bb1070216) Importer(815301076,1909f56bfc062723c751e8b465ee728b)
Start importing Assets/Images/WARNING1.png using Guid(8c7c0bf76a22cee4d8af299bb1070216) Importer(815301076,1909f56bfc062723c751e8b465ee728b)  -> (artifact id: '3155ef228a4b6a5c04e045f9890a2049') in 0.029691 seconds
  Import took 0.039508 seconds .

========================================================================
Received Import Request.
  Time since last request: 3.148599 seconds.
  path: Assets/Images/WARNING1 1.png
  artifactKey: Guid(ac971061a7df93a4d96ab92df53cb423) Importer(815301076,1909f56bfc062723c751e8b465ee728b)
Start importing Assets/Images/WARNING1 1.png using Guid(ac971061a7df93a4d96ab92df53cb423) Importer(815301076,1909f56bfc062723c751e8b465ee728b)  -> (artifact id: '57ee9d8941548b60f4f884bfaf4d42ff') in 0.019373 seconds
  Import took 0.025573 seconds .

========================================================================
Received Import Request.
  Time since last request: 3.533258 seconds.
  path: Assets/Images/WARNING1 1.png
  artifactKey: Guid(ac971061a7df93a4d96ab92df53cb423) Importer(815301076,1909f56bfc062723c751e8b465ee728b)
Start importing Assets/Images/WARNING1 1.png using Guid(ac971061a7df93a4d96ab92df53cb423) Importer(815301076,1909f56bfc062723c751e8b465ee728b)  -> (artifact id: '72738c3085a97d0249094210dcaff10e') in 0.028531 seconds
  Import took 0.043431 seconds .

========================================================================
Received Import Request.
  Time since last request: 125.900865 seconds.
  path: Assets/Images/dialog.png
  artifactKey: Guid(50dae3cf8637fc346b8adb68fb2aae02) Importer(815301076,1909f56bfc062723c751e8b465ee728b)
Start importing Assets/Images/dialog.png using Guid(50dae3cf8637fc346b8adb68fb2aae02) Importer(815301076,1909f56bfc062723c751e8b465ee728b)  -> (artifact id: '7e30c16785083d404b4ce7374de540bc') in 0.053473 seconds
  Import took 0.061802 seconds .

========================================================================
Received Import Request.
  Time since last request: 6.197561 seconds.
  path: Assets/Images/dialog.png
  artifactKey: Guid(50dae3cf8637fc346b8adb68fb2aae02) Importer(815301076,1909f56bfc062723c751e8b465ee728b)
Start importing Assets/Images/dialog.png using Guid(50dae3cf8637fc346b8adb68fb2aae02) Importer(815301076,1909f56bfc062723c751e8b465ee728b)  -> (artifact id: 'da90f1575902e76cd651ed1b5c9173c7') in 0.044791 seconds
  Import took 0.053110 seconds .

========================================================================
Received Import Request.
  Time since last request: 102.833631 seconds.
  path: Assets/Images/WARNING.png
  artifactKey: Guid(625d3e1650ed6ae41b93599e185ce1b3) Importer(815301076,1909f56bfc062723c751e8b465ee728b)
Start importing Assets/Images/WARNING.png using Guid(625d3e1650ed6ae41b93599e185ce1b3) Importer(815301076,1909f56bfc062723c751e8b465ee728b)  -> (artifact id: 'b7ffb1fc1552a979e07a39c2da357026') in 0.034876 seconds
  Import took 0.043823 seconds .

========================================================================
Received Prepare
Registering precompiled user dll's ...
Registered in 0.022084 seconds.
Begin MonoManager ReloadAssembly
Native extension for WindowsStandalone target not found
Refreshing native plugins compatible for Editor in 1.25 ms, found 6 plugins.
Preloading 1 native plugins for Editor in 0.40 ms.
Invoked RoslynAnalysisRunner static constructor.
RoslynAnalysisRunner will not be running.
RoslynAnalysisRunner has terminated.
NullReferenceException: Object reference not set to an instance of an object
  at Unity.XR.Oculus.OculusLoader.AssetPathToAbsolutePath (System.String assetPath) [0x00048] in C:\Users\zlzls\Desktop\VR_Villian\VillainScene3\Library\PackageCache\com.unity.xr.oculus@1.8.1\Runtime\OculusLoader.cs:243 
  at Unity.XR.Oculus.OculusLoader.EditorLoadOVRPlugin () [0x0007b] in C:\Users\zlzls\Desktop\VR_Villian\VillainScene3\Library\PackageCache\com.unity.xr.oculus@1.8.1\Runtime\OculusLoader.cs:228 

(Filename: Library/PackageCache/com.unity.xr.oculus@1.8.1/Runtime/OculusLoader.cs Line: 243)

Mono: successfully reloaded assembly
- Completed reload, in  2.735 seconds
Platform modules already initialized, skipping
Switching build target platform(5) subTarget(0) extendedPlatform(0) -> platform(13) subTarget(524294) extendedPlatform(0)
Refreshing native plugins compatible for Editor in 1.60 ms, found 6 plugins.
Preloading 1 native plugins for Editor in 0.44 ms.
Unloading 1821 Unused Serialized files (Serialized files now loaded: 0)
System memory in use before: 129.7 MB.
System memory in use after: 129.8 MB.

Unloading 12 unused Assets to reduce memory usage. Loaded Objects now: 2406.
Total: 5.061000 ms (FindLiveObjects: 0.456700 ms CreateObjectMapping: 0.151500 ms MarkObjects: 4.370000 ms  DeleteObjects: 0.080300 ms)

AssetImportParameters requested are different than current active one (requested -> active):
  custom:graphics/normal-map-encoding: 01000000000000000000000000000000 -> 02000000000000000000000000000000
========================================================================
Received Import Request.
  Time since last request: 212.426607 seconds.
  path: Assets/Materials
  artifactKey: Guid(a2de004b0d881974cb6e5b857e397579) Importer(815301076,1909f56bfc062723c751e8b465ee728b)
Start importing Assets/Materials using Guid(a2de004b0d881974cb6e5b857e397579) Importer(815301076,1909f56bfc062723c751e8b465ee728b)  -> (artifact id: 'a92a4ac92898c89da23f5ef935f4e822') in 0.020962 seconds
  Import took 0.028903 seconds .

========================================================================
Received Import Request.
  Time since last request: 442.943930 seconds.
  path: Assets/Images/dialog.png
  artifactKey: Guid(50dae3cf8637fc346b8adb68fb2aae02) Importer(815301076,1909f56bfc062723c751e8b465ee728b)
Start importing Assets/Images/dialog.png using Guid(50dae3cf8637fc346b8adb68fb2aae02) Importer(815301076,1909f56bfc062723c751e8b465ee728b)  -> (artifact id: '4d8ccbde7618a716a420217bd436e426') in 0.238405 seconds
  Import took 0.255457 seconds .

========================================================================
Received Prepare
Registering precompiled user dll's ...
Registered in 0.013220 seconds.
Begin MonoManager ReloadAssembly
Native extension for WindowsStandalone target not found
Refreshing native plugins compatible for Editor in 1.59 ms, found 6 plugins.
Preloading 1 native plugins for Editor in 0.53 ms.
Invoked RoslynAnalysisRunner static constructor.
RoslynAnalysisRunner will not be running.
RoslynAnalysisRunner has terminated.
NullReferenceException: Object reference not set to an instance of an object
  at Unity.XR.Oculus.OculusLoader.AssetPathToAbsolutePath (System.String assetPath) [0x00048] in C:\Users\zlzls\Desktop\VR_Villian\VillainScene3\Library\PackageCache\com.unity.xr.oculus@1.8.1\Runtime\OculusLoader.cs:243 
  at Unity.XR.Oculus.OculusLoader.EditorLoadOVRPlugin () [0x0007b] in C:\Users\zlzls\Desktop\VR_Villian\VillainScene3\Library\PackageCache\com.unity.xr.oculus@1.8.1\Runtime\OculusLoader.cs:228 

(Filename: Library/PackageCache/com.unity.xr.oculus@1.8.1/Runtime/OculusLoader.cs Line: 243)

Mono: successfully reloaded assembly
- Completed reload, in  2.663 seconds
Platform modules already initialized, skipping
Switching build target platform(5) subTarget(0) extendedPlatform(0) -> platform(13) subTarget(524294) extendedPlatform(0)
Refreshing native plugins compatible for Editor in 1.53 ms, found 6 plugins.
Preloading 1 native plugins for Editor in 0.45 ms.
Unloading 1821 Unused Serialized files (Serialized files now loaded: 0)
System memory in use before: 129.7 MB.
System memory in use after: 129.8 MB.

Unloading 12 unused Assets to reduce memory usage. Loaded Objects now: 2411.
Total: 5.687900 ms (FindLiveObjects: 0.308000 ms CreateObjectMapping: 0.075800 ms MarkObjects: 5.257900 ms  DeleteObjects: 0.044100 ms)

AssetImportParameters requested are different than current active one (requested -> active):
  custom:graphics/normal-map-encoding: 01000000000000000000000000000000 -> 02000000000000000000000000000000
========================================================================
Received Prepare
Registering precompiled user dll's ...
Registered in 0.011842 seconds.
Begin MonoManager ReloadAssembly
Native extension for WindowsStandalone target not found
Refreshing native plugins compatible for Editor in 1.56 ms, found 6 plugins.
Preloading 1 native plugins for Editor in 0.53 ms.
Invoked RoslynAnalysisRunner static constructor.
RoslynAnalysisRunner will not be running.
RoslynAnalysisRunner has terminated.
NullReferenceException: Object reference not set to an instance of an object
  at Unity.XR.Oculus.OculusLoader.AssetPathToAbsolutePath (System.String assetPath) [0x00048] in C:\Users\zlzls\Desktop\VR_Villian\VillainScene3\Library\PackageCache\com.unity.xr.oculus@1.8.1\Runtime\OculusLoader.cs:243 
  at Unity.XR.Oculus.OculusLoader.EditorLoadOVRPlugin () [0x0007b] in C:\Users\zlzls\Desktop\VR_Villian\VillainScene3\Library\PackageCache\com.unity.xr.oculus@1.8.1\Runtime\OculusLoader.cs:228 

(Filename: Library/PackageCache/com.unity.xr.oculus@1.8.1/Runtime/OculusLoader.cs Line: 243)

Mono: successfully reloaded assembly
- Completed reload, in  2.732 seconds
Platform modules already initialized, skipping
Switching build target platform(5) subTarget(0) extendedPlatform(0) -> platform(13) subTarget(524294) extendedPlatform(0)
Refreshing native plugins compatible for Editor in 1.51 ms, found 6 plugins.
Preloading 1 native plugins for Editor in 0.38 ms.
Unloading 1821 Unused Serialized files (Serialized files now loaded: 0)
System memory in use before: 129.7 MB.
System memory in use after: 129.8 MB.

Unloading 12 unused Assets to reduce memory usage. Loaded Objects now: 2415.
Total: 3.818200 ms (FindLiveObjects: 0.404300 ms CreateObjectMapping: 0.168500 ms MarkObjects: 3.208900 ms  DeleteObjects: 0.034600 ms)

AssetImportParameters requested are different than current active one (requested -> active):
  custom:graphics/normal-map-encoding: 01000000000000000000000000000000 -> 02000000000000000000000000000000
========================================================================
Received Prepare
Refreshing native plugins compatible for Editor in 17.47 ms, found 6 plugins.
Preloading 1 native plugins for Editor in 0.36 ms.
Unloading 9 Unused Serialized files (Serialized files now loaded: 0)
System memory in use before: 94.6 MB.
System memory in use after: 94.7 MB.

Unloading 9 unused Assets to reduce memory usage. Loaded Objects now: 2415.
Total: 3.349100 ms (FindLiveObjects: 0.377600 ms CreateObjectMapping: 0.138000 ms MarkObjects: 2.811300 ms  DeleteObjects: 0.020600 ms)

========================================================================
Received Prepare
Refreshing native plugins compatible for Editor in 18.90 ms, found 6 plugins.
Preloading 1 native plugins for Editor in 0.37 ms.
Unloading 9 Unused Serialized files (Serialized files now loaded: 0)
System memory in use before: 94.6 MB.
System memory in use after: 94.7 MB.

Unloading 9 unused Assets to reduce memory usage. Loaded Objects now: 2415.
Total: 4.667700 ms (FindLiveObjects: 0.481400 ms CreateObjectMapping: 0.137800 ms MarkObjects: 4.016700 ms  DeleteObjects: 0.029000 ms)

========================================================================
Received Prepare
Registering precompiled user dll's ...
Registered in 0.021673 seconds.
Begin MonoManager ReloadAssembly
Native extension for WindowsStandalone target not found
Refreshing native plugins compatible for Editor in 1.40 ms, found 6 plugins.
Preloading 1 native plugins for Editor in 0.50 ms.
Invoked RoslynAnalysisRunner static constructor.
RoslynAnalysisRunner will not be running.
RoslynAnalysisRunner has terminated.
NullReferenceException: Object reference not set to an instance of an object
  at Unity.XR.Oculus.OculusLoader.AssetPathToAbsolutePath (System.String assetPath) [0x00048] in C:\Users\zlzls\Desktop\VR_Villian\VillainScene3\Library\PackageCache\com.unity.xr.oculus@1.8.1\Runtime\OculusLoader.cs:243 
  at Unity.XR.Oculus.OculusLoader.EditorLoadOVRPlugin () [0x0007b] in C:\Users\zlzls\Desktop\VR_Villian\VillainScene3\Library\PackageCache\com.unity.xr.oculus@1.8.1\Runtime\OculusLoader.cs:228 

(Filename: Library/PackageCache/com.unity.xr.oculus@1.8.1/Runtime/OculusLoader.cs Line: 243)

Mono: successfully reloaded assembly
- Completed reload, in  2.641 seconds
Platform modules already initialized, skipping
Switching build target platform(5) subTarget(0) extendedPlatform(0) -> platform(13) subTarget(524294) extendedPlatform(0)
Refreshing native plugins compatible for Editor in 1.60 ms, found 6 plugins.
Preloading 1 native plugins for Editor in 0.45 ms.
Unloading 1821 Unused Serialized files (Serialized files now loaded: 0)
System memory in use before: 129.7 MB.
System memory in use after: 129.8 MB.

Unloading 12 unused Assets to reduce memory usage. Loaded Objects now: 2419.
Total: 4.567700 ms (FindLiveObjects: 0.354700 ms CreateObjectMapping: 0.126700 ms MarkObjects: 4.048900 ms  DeleteObjects: 0.035200 ms)

AssetImportParameters requested are different than current active one (requested -> active):
  custom:graphics/normal-map-encoding: 01000000000000000000000000000000 -> 02000000000000000000000000000000
AssetImportWorkerClient::OnTransportError - code=2 error=End of file
