Using pre-set license
Built from '2020.3/staging' branch; Version is '2020.3.3f1 (76626098c1c4) revision 7758432'; Using compiler version '192528614'; Build Type 'Release'
OS: 'Windows 10 Home Single Language; OS build 19042.985; Version 2009; 64bit' Language: 'ko' Physical Memory: 7916 MB
BatchMode: 1, IsHumanControllingUs: 0, StartBugReporterOnCrash: 0, Is64bit: 1, IsPro: 0

 COMMAND LINE ARGUMENTS:
D:\Unity_Version\2020.3.3f1\Editor\Unity.exe
-adb2
-batchMode
-noUpm
-name
AssetImportWorker0
-projectPath
C:/Users/zlzls/Desktop/VR_Villian/VillainScene3
-logFile
Logs/AssetImportWorker0.log
-srvPort
64234
Successfully changed project path to: C:/Users/zlzls/Desktop/VR_Villian/VillainScene3
C:/Users/zlzls/Desktop/VR_Villian/VillainScene3
Using Asset Import Pipeline V2.
Refreshing native plugins compatible for Editor in 222.66 ms, found 6 plugins.
Preloading 1 native plugins for Editor in 2.56 ms.
Initialize engine version: 2020.3.3f1 (76626098c1c4)
[Subsystems] Discovering subsystems at path D:/Unity_Version/2020.3.3f1/Editor/Data/Resources/UnitySubsystems
[Subsystems] Discovering subsystems at path C:/Users/zlzls/Desktop/VR_Villian/VillainScene3/Assets
GfxDevice: creating device client; threaded=0
Direct3D:
    Version:  Direct3D 11.0 [level 11.1]
    Renderer: Intel(R) Iris(R) Xe Graphics (ID=0x9a49)
    Vendor:   
    VRAM:     3958 MB
    Driver:   27.20.100.8853
Initialize mono
Mono path[0] = 'D:/Unity_Version/2020.3.3f1/Editor/Data/Managed'
Mono path[1] = 'D:/Unity_Version/2020.3.3f1/Editor/Data/MonoBleedingEdge/lib/mono/unityjit'
Mono config path = 'D:/Unity_Version/2020.3.3f1/Editor/Data/MonoBleedingEdge/etc'
Using monoOptions --debugger-agent=transport=dt_socket,embedding=1,server=y,suspend=n,address=127.0.0.1:56928
Begin MonoManager ReloadAssembly
Registering precompiled unity dll's ...
Register platform support module: D:/Unity_Version/2020.3.3f1/Editor/Data/PlaybackEngines/WindowsStandaloneSupport/UnityEditor.WindowsStandalone.Extensions.dll
Registered in 0.003026 seconds.
Native extension for WindowsStandalone target not found
Refreshing native plugins compatible for Editor in 176.01 ms, found 6 plugins.
Preloading 1 native plugins for Editor in 0.41 ms.
Invoked RoslynAnalysisRunner static constructor.
RoslynAnalysisRunner will not be running.
RoslynAnalysisRunner has terminated.
Mono: successfully reloaded assembly
- Completed reload, in  3.833 seconds
Platform modules already initialized, skipping
Registering precompiled user dll's ...
Registered in 0.012684 seconds.
Begin MonoManager ReloadAssembly
Native extension for WindowsStandalone target not found
Refreshing native plugins compatible for Editor in 158.55 ms, found 6 plugins.
Preloading 1 native plugins for Editor in 0.40 ms.
Invoked RoslynAnalysisRunner static constructor.
RoslynAnalysisRunner will not be running.
RoslynAnalysisRunner has terminated.
[XR] OculusXRPlugin: registering subsystems
[XR] Unable to register display lifecyle provider: [1]
[XR] Oculus Input lifecycle provider registered.
[XR] Unable to register input lifecyle provider: [1]
NullReferenceException: Object reference not set to an instance of an object
  at Unity.XR.Oculus.OculusLoader.AssetPathToAbsolutePath (System.String assetPath) [0x00048] in C:\Users\zlzls\Desktop\VR_Villian\VillainScene3\Library\PackageCache\com.unity.xr.oculus@1.8.1\Runtime\OculusLoader.cs:243 
  at Unity.XR.Oculus.OculusLoader.EditorLoadOVRPlugin () [0x0007b] in C:\Users\zlzls\Desktop\VR_Villian\VillainScene3\Library\PackageCache\com.unity.xr.oculus@1.8.1\Runtime\OculusLoader.cs:228 

(Filename: Library/PackageCache/com.unity.xr.oculus@1.8.1/Runtime/OculusLoader.cs Line: 243)

Mono: successfully reloaded assembly
- Completed reload, in  2.839 seconds
Platform modules already initialized, skipping
========================================================================
Worker process is ready to serve import requests
Launched and connected shader compiler UnityShaderCompiler.exe after 0.11 seconds
Refreshing native plugins compatible for Editor in 0.89 ms, found 6 plugins.
Preloading 1 native plugins for Editor in 0.27 ms.
Unloading 1843 Unused Serialized files (Serialized files now loaded: 0)
System memory in use before: 92.3 MB.
System memory in use after: 92.3 MB.

Unloading 19 unused Assets to reduce memory usage. Loaded Objects now: 2299.
Total: 6.829200 ms (FindLiveObjects: 0.487100 ms CreateObjectMapping: 0.216400 ms MarkObjects: 5.937600 ms  DeleteObjects: 0.185400 ms)

========================================================================
Received Import Request.
  path: Assets/WalkFront_Shoot_ar.fbx
  artifactKey: Guid(e398e3aa9cdfcdc4ebd01a06e4c544ae) Importer(815301076,1909f56bfc062723c751e8b465ee728b)
Start importing Assets/WalkFront_Shoot_ar.fbx using Guid(e398e3aa9cdfcdc4ebd01a06e4c544ae) Importer(815301076,1909f56bfc062723c751e8b465ee728b)  -> (artifact id: 'f08106f32bdb94a3d06475854d0f4793') in 0.925726 seconds
  Import took 0.939367 seconds .

========================================================================
Received Import Request.
  Time since last request: 364.354901 seconds.
  path: Assets/Inguz Media Studio
  artifactKey: Guid(29a9b807daea9924b8ea665b66a88930) Importer(815301076,1909f56bfc062723c751e8b465ee728b)
Start importing Assets/Inguz Media Studio using Guid(29a9b807daea9924b8ea665b66a88930) Importer(815301076,1909f56bfc062723c751e8b465ee728b)  -> (artifact id: '4960860c5eb575fa01c0958bde6e1ae8') in 0.006441 seconds
  Import took 0.015571 seconds .

========================================================================
Received Import Request.
  Time since last request: 4.034247 seconds.
  path: Assets/Inguz Media Studio/The Beautiful Portals VFX/Prefabs
  artifactKey: Guid(fe5ace8af1897460ab4196fec9acadc9) Importer(815301076,1909f56bfc062723c751e8b465ee728b)
Start importing Assets/Inguz Media Studio/The Beautiful Portals VFX/Prefabs using Guid(fe5ace8af1897460ab4196fec9acadc9) Importer(815301076,1909f56bfc062723c751e8b465ee728b)  -> (artifact id: 'b5b8ccb684d76c5ab3db7cbe179a51a9') in 0.005980 seconds
  Import took 0.022006 seconds .

========================================================================
Received Import Request.
  Time since last request: 1.678628 seconds.
  path: Assets/Inguz Media Studio/The Beautiful Portals VFX/Prefabs/Celestial_heavy_infinite.prefab
  artifactKey: Guid(20cf4596ea2bf4515944827937ab1585) Importer(815301076,1909f56bfc062723c751e8b465ee728b)
Start importing Assets/Inguz Media Studio/The Beautiful Portals VFX/Prefabs/Celestial_heavy_infinite.prefab using Guid(20cf4596ea2bf4515944827937ab1585) Importer(815301076,1909f56bfc062723c751e8b465ee728b)  -> (artifact id: '36ab761fa1c28db179ef39b1248c22ba') in 0.055975 seconds
  Import took 0.072983 seconds .

========================================================================
Received Import Request.
  Time since last request: 44.652706 seconds.
  path: Assets/Inguz Media Studio/The Beautiful Portals VFX/Prefabs/Celestial_light_infinite.prefab
  artifactKey: Guid(f9d3042601b9a4afcaa25e1eb372b61f) Importer(815301076,1909f56bfc062723c751e8b465ee728b)
Start importing Assets/Inguz Media Studio/The Beautiful Portals VFX/Prefabs/Celestial_light_infinite.prefab using Guid(f9d3042601b9a4afcaa25e1eb372b61f) Importer(815301076,1909f56bfc062723c751e8b465ee728b)  -> (artifact id: 'a7e909e41976fefecd86c5fc1bfed893') in 0.027220 seconds
  Import took 0.037738 seconds .

========================================================================
Received Import Request.
  Time since last request: 0.014749 seconds.
  path: Assets/Inguz Media Studio/The Beautiful Portals VFX/Prefabs/Celestial_light_infinite.prefab
  artifactKey: Guid(f9d3042601b9a4afcaa25e1eb372b61f) Importer(815301076,1909f56bfc062723c751e8b465ee728b)
Start importing Assets/Inguz Media Studio/The Beautiful Portals VFX/Prefabs/Celestial_light_infinite.prefab using Guid(f9d3042601b9a4afcaa25e1eb372b61f) Importer(815301076,1909f56bfc062723c751e8b465ee728b)  -> (artifact id: 'a7e909e41976fefecd86c5fc1bfed893') in 0.013110 seconds
  Import took 0.023586 seconds .

========================================================================
Received Import Request.
  Time since last request: 2.201728 seconds.
  path: Assets/Inguz Media Studio/The Beautiful Portals VFX/Prefabs/Celestial_light_no_loop.prefab
  artifactKey: Guid(03f2c189f344945d5be225431720f7df) Importer(815301076,1909f56bfc062723c751e8b465ee728b)
Start importing Assets/Inguz Media Studio/The Beautiful Portals VFX/Prefabs/Celestial_light_no_loop.prefab using Guid(03f2c189f344945d5be225431720f7df) Importer(815301076,1909f56bfc062723c751e8b465ee728b)  -> (artifact id: '4d8850808d094b69f2e60c97e23edc20') in 0.018027 seconds
  Import took 0.034563 seconds .

========================================================================
Received Import Request.
  Time since last request: 0.012583 seconds.
  path: Assets/Inguz Media Studio/The Beautiful Portals VFX/Prefabs/Celestial_light_no_loop.prefab
  artifactKey: Guid(03f2c189f344945d5be225431720f7df) Importer(815301076,1909f56bfc062723c751e8b465ee728b)
Start importing Assets/Inguz Media Studio/The Beautiful Portals VFX/Prefabs/Celestial_light_no_loop.prefab using Guid(03f2c189f344945d5be225431720f7df) Importer(815301076,1909f56bfc062723c751e8b465ee728b)  -> (artifact id: '4d8850808d094b69f2e60c97e23edc20') in 0.025452 seconds
  Import took 0.035959 seconds .

========================================================================
Received Import Request.
  Time since last request: 0.519236 seconds.
  path: Assets/Inguz Media Studio/The Beautiful Portals VFX/Prefabs/Dark_Magic_heavy_infinite.prefab
  artifactKey: Guid(8e45f3e26fed54dfca43353ebd5408a9) Importer(815301076,1909f56bfc062723c751e8b465ee728b)
Start importing Assets/Inguz Media Studio/The Beautiful Portals VFX/Prefabs/Dark_Magic_heavy_infinite.prefab using Guid(8e45f3e26fed54dfca43353ebd5408a9) Importer(815301076,1909f56bfc062723c751e8b465ee728b)  -> (artifact id: 'c18d016e339308f570a650852a7c99e1') in 0.024698 seconds
  Import took 0.045273 seconds .

========================================================================
Received Import Request.
  Time since last request: 0.000889 seconds.
  path: Assets/Inguz Media Studio/The Beautiful Portals VFX/Prefabs/Dark_Magic_heavy_infinite.prefab
  artifactKey: Guid(8e45f3e26fed54dfca43353ebd5408a9) Importer(815301076,1909f56bfc062723c751e8b465ee728b)
Start importing Assets/Inguz Media Studio/The Beautiful Portals VFX/Prefabs/Dark_Magic_heavy_infinite.prefab using Guid(8e45f3e26fed54dfca43353ebd5408a9) Importer(815301076,1909f56bfc062723c751e8b465ee728b)  -> (artifact id: 'c18d016e339308f570a650852a7c99e1') in 0.017978 seconds
  Import took 0.034746 seconds .

========================================================================
Received Import Request.
  Time since last request: 7.194256 seconds.
  path: Assets/Inguz Media Studio/The Beautiful Portals VFX/Prefabs/Handpainted_rock.prefab
  artifactKey: Guid(588495662f6df4b6681a92c2549860d7) Importer(815301076,1909f56bfc062723c751e8b465ee728b)
Start importing Assets/Inguz Media Studio/The Beautiful Portals VFX/Prefabs/Handpainted_rock.prefab using Guid(588495662f6df4b6681a92c2549860d7) Importer(815301076,1909f56bfc062723c751e8b465ee728b)  -> (artifact id: '7c8d317809cae7247f86c467dedfff8d') in 0.038244 seconds
  Import took 0.045488 seconds .

========================================================================
Received Import Request.
  Time since last request: 0.018984 seconds.
  path: Assets/Inguz Media Studio/The Beautiful Portals VFX/Prefabs/Handpainted_rock.prefab
  artifactKey: Guid(588495662f6df4b6681a92c2549860d7) Importer(815301076,1909f56bfc062723c751e8b465ee728b)
Start importing Assets/Inguz Media Studio/The Beautiful Portals VFX/Prefabs/Handpainted_rock.prefab using Guid(588495662f6df4b6681a92c2549860d7) Importer(815301076,1909f56bfc062723c751e8b465ee728b)  -> (artifact id: '7c8d317809cae7247f86c467dedfff8d') in 0.020071 seconds
  Import took 0.030891 seconds .

========================================================================
Received Import Request.
  Time since last request: 1.629685 seconds.
  path: Assets/Inguz Media Studio/The Beautiful Portals VFX/Prefabs/Hi-Tech_heavy_infinite.prefab
  artifactKey: Guid(c8888f870fa4b473fb67e7361cbdc39c) Importer(815301076,1909f56bfc062723c751e8b465ee728b)
Start importing Assets/Inguz Media Studio/The Beautiful Portals VFX/Prefabs/Hi-Tech_heavy_infinite.prefab using Guid(c8888f870fa4b473fb67e7361cbdc39c) Importer(815301076,1909f56bfc062723c751e8b465ee728b)  -> (artifact id: '169404c539fc897378d31d11b9cd0ba3') in 0.023634 seconds
  Import took 0.035532 seconds .

========================================================================
Received Import Request.
  Time since last request: 0.011557 seconds.
  path: Assets/Inguz Media Studio/The Beautiful Portals VFX/Prefabs/Hi-Tech_heavy_infinite.prefab
  artifactKey: Guid(c8888f870fa4b473fb67e7361cbdc39c) Importer(815301076,1909f56bfc062723c751e8b465ee728b)
Start importing Assets/Inguz Media Studio/The Beautiful Portals VFX/Prefabs/Hi-Tech_heavy_infinite.prefab using Guid(c8888f870fa4b473fb67e7361cbdc39c) Importer(815301076,1909f56bfc062723c751e8b465ee728b)  -> (artifact id: '169404c539fc897378d31d11b9cd0ba3') in 0.022475 seconds
  Import took 0.035567 seconds .

========================================================================
Received Import Request.
  Time since last request: 26.295950 seconds.
  path: Assets/Inguz Media Studio/The Beautiful Portals VFX/Prefabs/Magic_heavy_infinite.prefab
  artifactKey: Guid(947ef0ab92c3a44359ee89193272dc5a) Importer(815301076,1909f56bfc062723c751e8b465ee728b)
Start importing Assets/Inguz Media Studio/The Beautiful Portals VFX/Prefabs/Magic_heavy_infinite.prefab using Guid(947ef0ab92c3a44359ee89193272dc5a) Importer(815301076,1909f56bfc062723c751e8b465ee728b)  -> (artifact id: '634085bbe1d06d4be1771ef4e3279c4e') in 0.024953 seconds
  Import took 0.043805 seconds .

========================================================================
Received Import Request.
  Time since last request: 0.014604 seconds.
  path: Assets/Inguz Media Studio/The Beautiful Portals VFX/Prefabs/Magic_heavy_infinite.prefab
  artifactKey: Guid(947ef0ab92c3a44359ee89193272dc5a) Importer(815301076,1909f56bfc062723c751e8b465ee728b)
Start importing Assets/Inguz Media Studio/The Beautiful Portals VFX/Prefabs/Magic_heavy_infinite.prefab using Guid(947ef0ab92c3a44359ee89193272dc5a) Importer(815301076,1909f56bfc062723c751e8b465ee728b)  -> (artifact id: '634085bbe1d06d4be1771ef4e3279c4e') in 0.020058 seconds
  Import took 0.030827 seconds .

========================================================================
Received Import Request.
  Time since last request: 1.918678 seconds.
  path: Assets/Inguz Media Studio/The Beautiful Portals VFX/Prefabs/Magic_light_infinite.prefab
  artifactKey: Guid(5021fa2d708b24fa6b835ecaf08f4fec) Importer(815301076,1909f56bfc062723c751e8b465ee728b)
Start importing Assets/Inguz Media Studio/The Beautiful Portals VFX/Prefabs/Magic_light_infinite.prefab using Guid(5021fa2d708b24fa6b835ecaf08f4fec) Importer(815301076,1909f56bfc062723c751e8b465ee728b)  -> (artifact id: '3c8b479ea11e36dcd4af5eb4bb8551cd') in 0.018207 seconds
  Import took 0.034594 seconds .

========================================================================
Received Import Request.
  Time since last request: 0.010575 seconds.
  path: Assets/Inguz Media Studio/The Beautiful Portals VFX/Prefabs/Magic_light_infinite.prefab
  artifactKey: Guid(5021fa2d708b24fa6b835ecaf08f4fec) Importer(815301076,1909f56bfc062723c751e8b465ee728b)
Start importing Assets/Inguz Media Studio/The Beautiful Portals VFX/Prefabs/Magic_light_infinite.prefab using Guid(5021fa2d708b24fa6b835ecaf08f4fec) Importer(815301076,1909f56bfc062723c751e8b465ee728b)  -> (artifact id: '3c8b479ea11e36dcd4af5eb4bb8551cd') in 0.019914 seconds
  Import took 0.034266 seconds .

========================================================================
Received Import Request.
  Time since last request: 18.148223 seconds.
  path: Assets/Inguz Media Studio/The Beautiful Portals VFX/Prefabs/Music_light_infinite.prefab
  artifactKey: Guid(94201c4a555fb4c5a88e41688336b11c) Importer(815301076,1909f56bfc062723c751e8b465ee728b)
Start importing Assets/Inguz Media Studio/The Beautiful Portals VFX/Prefabs/Music_light_infinite.prefab using Guid(94201c4a555fb4c5a88e41688336b11c) Importer(815301076,1909f56bfc062723c751e8b465ee728b)  -> (artifact id: 'df41314073426b862d89db064083bff8') in 0.021736 seconds
  Import took 0.041964 seconds .

========================================================================
Received Import Request.
  Time since last request: 0.035717 seconds.
  path: Assets/Inguz Media Studio/The Beautiful Portals VFX/Prefabs/Music_light_infinite.prefab
  artifactKey: Guid(94201c4a555fb4c5a88e41688336b11c) Importer(815301076,1909f56bfc062723c751e8b465ee728b)
Start importing Assets/Inguz Media Studio/The Beautiful Portals VFX/Prefabs/Music_light_infinite.prefab using Guid(94201c4a555fb4c5a88e41688336b11c) Importer(815301076,1909f56bfc062723c751e8b465ee728b)  -> (artifact id: 'df41314073426b862d89db064083bff8') in 0.049373 seconds
  Import took 0.063319 seconds .

========================================================================
Received Import Request.
  Time since last request: 6.266183 seconds.
  path: Assets/Inguz Media Studio/The Beautiful Portals VFX/Prefabs/Music_light_no_loop.prefab
  artifactKey: Guid(865218e38ab4647fc94cf4807355699b) Importer(815301076,1909f56bfc062723c751e8b465ee728b)
Start importing Assets/Inguz Media Studio/The Beautiful Portals VFX/Prefabs/Music_light_no_loop.prefab using Guid(865218e38ab4647fc94cf4807355699b) Importer(815301076,1909f56bfc062723c751e8b465ee728b)  -> (artifact id: '4dabec3a9329e8a70d6efa81f0c31e31') in 0.024524 seconds
  Import took 0.038281 seconds .

========================================================================
Received Import Request.
  Time since last request: 0.017132 seconds.
  path: Assets/Inguz Media Studio/The Beautiful Portals VFX/Prefabs/Music_light_no_loop.prefab
  artifactKey: Guid(865218e38ab4647fc94cf4807355699b) Importer(815301076,1909f56bfc062723c751e8b465ee728b)
Start importing Assets/Inguz Media Studio/The Beautiful Portals VFX/Prefabs/Music_light_no_loop.prefab using Guid(865218e38ab4647fc94cf4807355699b) Importer(815301076,1909f56bfc062723c751e8b465ee728b)  -> (artifact id: '4dabec3a9329e8a70d6efa81f0c31e31') in 0.027439 seconds
  Import took 0.040353 seconds .

========================================================================
Received Import Request.
  Time since last request: 0.611568 seconds.
  path: Assets/Inguz Media Studio/The Beautiful Portals VFX/Prefabs/Nature_heavy_no_loop.prefab
  artifactKey: Guid(7194d6cf4086f43ffa0e4640316314ee) Importer(815301076,1909f56bfc062723c751e8b465ee728b)
Start importing Assets/Inguz Media Studio/The Beautiful Portals VFX/Prefabs/Nature_heavy_no_loop.prefab using Guid(7194d6cf4086f43ffa0e4640316314ee) Importer(815301076,1909f56bfc062723c751e8b465ee728b)  -> (artifact id: '0cecae74b95ad5d65835d73087f46a6e') in 0.030090 seconds
  Import took 0.043260 seconds .

========================================================================
Received Import Request.
  Time since last request: 0.008135 seconds.
  path: Assets/Inguz Media Studio/The Beautiful Portals VFX/Prefabs/Nature_heavy_no_loop.prefab
  artifactKey: Guid(7194d6cf4086f43ffa0e4640316314ee) Importer(815301076,1909f56bfc062723c751e8b465ee728b)
Start importing Assets/Inguz Media Studio/The Beautiful Portals VFX/Prefabs/Nature_heavy_no_loop.prefab using Guid(7194d6cf4086f43ffa0e4640316314ee) Importer(815301076,1909f56bfc062723c751e8b465ee728b)  -> (artifact id: '0cecae74b95ad5d65835d73087f46a6e') in 0.023748 seconds
  Import took 0.037889 seconds .

========================================================================
Received Import Request.
  Time since last request: 10.989209 seconds.
  path: Assets/Inguz Media Studio/The Beautiful Portals VFX/Materials/Sparkles.mat
  artifactKey: Guid(e32d833613bbe43d98c242db0b64fc2d) Importer(815301076,1909f56bfc062723c751e8b465ee728b)
Start importing Assets/Inguz Media Studio/The Beautiful Portals VFX/Materials/Sparkles.mat using Guid(e32d833613bbe43d98c242db0b64fc2d) Importer(815301076,1909f56bfc062723c751e8b465ee728b)  -> (artifact id: 'c6cad2fefe1697af38ba242912dab760') in 0.303219 seconds
  Import took 0.316900 seconds .

========================================================================
Received Import Request.
  Time since last request: 122.074718 seconds.
  path: Assets/Inguz Media Studio/The Beautiful Portals VFX/Materials/Glow_01.mat
  artifactKey: Guid(672e67cec4c2f4e7b8f784efeb4aa53b) Importer(815301076,1909f56bfc062723c751e8b465ee728b)
Start importing Assets/Inguz Media Studio/The Beautiful Portals VFX/Materials/Glow_01.mat using Guid(672e67cec4c2f4e7b8f784efeb4aa53b) Importer(815301076,1909f56bfc062723c751e8b465ee728b)  -> (artifact id: '045942e14a9d1595d5dcb039ebbe851f') in 0.070597 seconds
  Import took 0.080932 seconds .

========================================================================
Received Import Request.
  Time since last request: 0.001813 seconds.
  path: Assets/Inguz Media Studio/The Beautiful Portals VFX/Materials/Glow_01.mat
  artifactKey: Guid(672e67cec4c2f4e7b8f784efeb4aa53b) Importer(815301076,1909f56bfc062723c751e8b465ee728b)
Start importing Assets/Inguz Media Studio/The Beautiful Portals VFX/Materials/Glow_01.mat using Guid(672e67cec4c2f4e7b8f784efeb4aa53b) Importer(815301076,1909f56bfc062723c751e8b465ee728b)  -> (artifact id: '045942e14a9d1595d5dcb039ebbe851f') in 0.058586 seconds
  Import took 0.065950 seconds .

========================================================================
Received Import Request.
  Time since last request: 156.517709 seconds.
  path: Assets/Inguz Media Studio/The Beautiful Portals VFX/Materials/Ring_01_alpha.mat
  artifactKey: Guid(b223663b8f6914caea1a29394296c9a8) Importer(815301076,1909f56bfc062723c751e8b465ee728b)
Start importing Assets/Inguz Media Studio/The Beautiful Portals VFX/Materials/Ring_01_alpha.mat using Guid(b223663b8f6914caea1a29394296c9a8) Importer(815301076,1909f56bfc062723c751e8b465ee728b)  -> (artifact id: 'e6b570f907a84ff38b767bd6f261285d') in 0.269383 seconds
  Import took 0.277766 seconds .

========================================================================
Received Import Request.
  Time since last request: 136.789482 seconds.
  path: Assets/Inguz Media Studio/The Beautiful Portals VFX/Materials/Magic_ground_02.mat
  artifactKey: Guid(e55c7a6c26fc54000bc2eeb2e6564adb) Importer(815301076,1909f56bfc062723c751e8b465ee728b)
Start importing Assets/Inguz Media Studio/The Beautiful Portals VFX/Materials/Magic_ground_02.mat using Guid(e55c7a6c26fc54000bc2eeb2e6564adb) Importer(815301076,1909f56bfc062723c751e8b465ee728b)  -> (artifact id: '4f262a7b85ee2c7a7bbc257a7c568886') in 0.100299 seconds
  Import took 0.108512 seconds .

========================================================================
Received Prepare
Registering precompiled user dll's ...
Registered in 0.014089 seconds.
Begin MonoManager ReloadAssembly
Native extension for WindowsStandalone target not found
Refreshing native plugins compatible for Editor in 2.52 ms, found 6 plugins.
Preloading 1 native plugins for Editor in 0.70 ms.
Invoked RoslynAnalysisRunner static constructor.
RoslynAnalysisRunner will not be running.
RoslynAnalysisRunner has terminated.
NullReferenceException: Object reference not set to an instance of an object
  at Unity.XR.Oculus.OculusLoader.AssetPathToAbsolutePath (System.String assetPath) [0x00048] in C:\Users\zlzls\Desktop\VR_Villian\VillainScene3\Library\PackageCache\com.unity.xr.oculus@1.8.1\Runtime\OculusLoader.cs:243 
  at Unity.XR.Oculus.OculusLoader.EditorLoadOVRPlugin () [0x0007b] in C:\Users\zlzls\Desktop\VR_Villian\VillainScene3\Library\PackageCache\com.unity.xr.oculus@1.8.1\Runtime\OculusLoader.cs:228 

(Filename: Library/PackageCache/com.unity.xr.oculus@1.8.1/Runtime/OculusLoader.cs Line: 243)

Mono: successfully reloaded assembly
- Completed reload, in  2.962 seconds
Platform modules already initialized, skipping
Switching build target platform(5) subTarget(0) extendedPlatform(0) -> platform(13) subTarget(524294) extendedPlatform(0)
Refreshing native plugins compatible for Editor in 1.50 ms, found 6 plugins.
Preloading 1 native plugins for Editor in 0.41 ms.
Unloading 1821 Unused Serialized files (Serialized files now loaded: 0)
System memory in use before: 118.9 MB.
System memory in use after: 119.0 MB.

Unloading 13 unused Assets to reduce memory usage. Loaded Objects now: 2352.
Total: 4.355300 ms (FindLiveObjects: 0.307000 ms CreateObjectMapping: 0.120000 ms MarkObjects: 3.894400 ms  DeleteObjects: 0.032400 ms)

AssetImportParameters requested are different than current active one (requested -> active):
  custom:graphics/normal-map-encoding: 01000000000000000000000000000000 -> 02000000000000000000000000000000
========================================================================
Received Prepare
Registering precompiled user dll's ...
Registered in 0.024119 seconds.
Begin MonoManager ReloadAssembly
Native extension for WindowsStandalone target not found
Refreshing native plugins compatible for Editor in 1.58 ms, found 6 plugins.
Preloading 1 native plugins for Editor in 0.54 ms.
Invoked RoslynAnalysisRunner static constructor.
RoslynAnalysisRunner will not be running.
RoslynAnalysisRunner has terminated.
NullReferenceException: Object reference not set to an instance of an object
  at Unity.XR.Oculus.OculusLoader.AssetPathToAbsolutePath (System.String assetPath) [0x00048] in C:\Users\zlzls\Desktop\VR_Villian\VillainScene3\Library\PackageCache\com.unity.xr.oculus@1.8.1\Runtime\OculusLoader.cs:243 
  at Unity.XR.Oculus.OculusLoader.EditorLoadOVRPlugin () [0x0007b] in C:\Users\zlzls\Desktop\VR_Villian\VillainScene3\Library\PackageCache\com.unity.xr.oculus@1.8.1\Runtime\OculusLoader.cs:228 

(Filename: Library/PackageCache/com.unity.xr.oculus@1.8.1/Runtime/OculusLoader.cs Line: 243)

Mono: successfully reloaded assembly
- Completed reload, in  2.704 seconds
Platform modules already initialized, skipping
Switching build target platform(5) subTarget(0) extendedPlatform(0) -> platform(13) subTarget(524294) extendedPlatform(0)
Refreshing native plugins compatible for Editor in 1.62 ms, found 6 plugins.
Preloading 1 native plugins for Editor in 0.44 ms.
Unloading 1821 Unused Serialized files (Serialized files now loaded: 0)
System memory in use before: 119.0 MB.
System memory in use after: 119.1 MB.

Unloading 12 unused Assets to reduce memory usage. Loaded Objects now: 2356.
Total: 4.002500 ms (FindLiveObjects: 0.460400 ms CreateObjectMapping: 0.045000 ms MarkObjects: 3.460500 ms  DeleteObjects: 0.035000 ms)

AssetImportParameters requested are different than current active one (requested -> active):
  custom:graphics/normal-map-encoding: 01000000000000000000000000000000 -> 02000000000000000000000000000000
========================================================================
Received Prepare
Registering precompiled user dll's ...
Registered in 0.021189 seconds.
Begin MonoManager ReloadAssembly
Native extension for WindowsStandalone target not found
Refreshing native plugins compatible for Editor in 1.53 ms, found 6 plugins.
Preloading 1 native plugins for Editor in 0.57 ms.
Invoked RoslynAnalysisRunner static constructor.
RoslynAnalysisRunner will not be running.
RoslynAnalysisRunner has terminated.
NullReferenceException: Object reference not set to an instance of an object
  at Unity.XR.Oculus.OculusLoader.AssetPathToAbsolutePath (System.String assetPath) [0x00048] in C:\Users\zlzls\Desktop\VR_Villian\VillainScene3\Library\PackageCache\com.unity.xr.oculus@1.8.1\Runtime\OculusLoader.cs:243 
  at Unity.XR.Oculus.OculusLoader.EditorLoadOVRPlugin () [0x0007b] in C:\Users\zlzls\Desktop\VR_Villian\VillainScene3\Library\PackageCache\com.unity.xr.oculus@1.8.1\Runtime\OculusLoader.cs:228 

(Filename: Library/PackageCache/com.unity.xr.oculus@1.8.1/Runtime/OculusLoader.cs Line: 243)

Mono: successfully reloaded assembly
- Completed reload, in  3.358 seconds
Platform modules already initialized, skipping
Switching build target platform(5) subTarget(0) extendedPlatform(0) -> platform(13) subTarget(524294) extendedPlatform(0)
Refreshing native plugins compatible for Editor in 1.43 ms, found 6 plugins.
Preloading 1 native plugins for Editor in 0.45 ms.
Unloading 1821 Unused Serialized files (Serialized files now loaded: 0)
System memory in use before: 119.0 MB.
System memory in use after: 119.1 MB.

Unloading 12 unused Assets to reduce memory usage. Loaded Objects now: 2360.
Total: 4.114900 ms (FindLiveObjects: 0.355100 ms CreateObjectMapping: 0.148900 ms MarkObjects: 3.585100 ms  DeleteObjects: 0.023700 ms)

AssetImportParameters requested are different than current active one (requested -> active):
  custom:graphics/normal-map-encoding: 01000000000000000000000000000000 -> 02000000000000000000000000000000
========================================================================
Received Prepare
Registering precompiled user dll's ...
Registered in 0.016440 seconds.
Begin MonoManager ReloadAssembly
Native extension for WindowsStandalone target not found
Refreshing native plugins compatible for Editor in 1.81 ms, found 6 plugins.
Preloading 1 native plugins for Editor in 0.38 ms.
Invoked RoslynAnalysisRunner static constructor.
RoslynAnalysisRunner will not be running.
RoslynAnalysisRunner has terminated.
NullReferenceException: Object reference not set to an instance of an object
  at Unity.XR.Oculus.OculusLoader.AssetPathToAbsolutePath (System.String assetPath) [0x00048] in C:\Users\zlzls\Desktop\VR_Villian\VillainScene3\Library\PackageCache\com.unity.xr.oculus@1.8.1\Runtime\OculusLoader.cs:243 
  at Unity.XR.Oculus.OculusLoader.EditorLoadOVRPlugin () [0x0007b] in C:\Users\zlzls\Desktop\VR_Villian\VillainScene3\Library\PackageCache\com.unity.xr.oculus@1.8.1\Runtime\OculusLoader.cs:228 

(Filename: Library/PackageCache/com.unity.xr.oculus@1.8.1/Runtime/OculusLoader.cs Line: 243)

Mono: successfully reloaded assembly
- Completed reload, in  2.849 seconds
Platform modules already initialized, skipping
Switching build target platform(5) subTarget(0) extendedPlatform(0) -> platform(13) subTarget(524294) extendedPlatform(0)
Refreshing native plugins compatible for Editor in 1.42 ms, found 6 plugins.
Preloading 1 native plugins for Editor in 0.39 ms.
Unloading 1821 Unused Serialized files (Serialized files now loaded: 0)
System memory in use before: 119.0 MB.
System memory in use after: 119.1 MB.

Unloading 12 unused Assets to reduce memory usage. Loaded Objects now: 2364.
Total: 3.142200 ms (FindLiveObjects: 0.232500 ms CreateObjectMapping: 0.133900 ms MarkObjects: 2.745200 ms  DeleteObjects: 0.029300 ms)

AssetImportParameters requested are different than current active one (requested -> active):
  custom:graphics/normal-map-encoding: 01000000000000000000000000000000 -> 02000000000000000000000000000000
========================================================================
Received Prepare
Registering precompiled user dll's ...
Registered in 0.028288 seconds.
Begin MonoManager ReloadAssembly
Native extension for WindowsStandalone target not found
Refreshing native plugins compatible for Editor in 1.77 ms, found 6 plugins.
Preloading 1 native plugins for Editor in 0.73 ms.
Invoked RoslynAnalysisRunner static constructor.
RoslynAnalysisRunner will not be running.
RoslynAnalysisRunner has terminated.
NullReferenceException: Object reference not set to an instance of an object
  at Unity.XR.Oculus.OculusLoader.AssetPathToAbsolutePath (System.String assetPath) [0x00048] in C:\Users\zlzls\Desktop\VR_Villian\VillainScene3\Library\PackageCache\com.unity.xr.oculus@1.8.1\Runtime\OculusLoader.cs:243 
  at Unity.XR.Oculus.OculusLoader.EditorLoadOVRPlugin () [0x0007b] in C:\Users\zlzls\Desktop\VR_Villian\VillainScene3\Library\PackageCache\com.unity.xr.oculus@1.8.1\Runtime\OculusLoader.cs:228 

(Filename: Library/PackageCache/com.unity.xr.oculus@1.8.1/Runtime/OculusLoader.cs Line: 243)

Mono: successfully reloaded assembly
- Completed reload, in  3.030 seconds
Platform modules already initialized, skipping
Switching build target platform(5) subTarget(0) extendedPlatform(0) -> platform(13) subTarget(524294) extendedPlatform(0)
Refreshing native plugins compatible for Editor in 1.74 ms, found 6 plugins.
Preloading 1 native plugins for Editor in 0.58 ms.
Unloading 1821 Unused Serialized files (Serialized files now loaded: 0)
System memory in use before: 119.0 MB.
System memory in use after: 119.1 MB.

Unloading 12 unused Assets to reduce memory usage. Loaded Objects now: 2368.
Total: 5.886200 ms (FindLiveObjects: 0.370700 ms CreateObjectMapping: 0.120600 ms MarkObjects: 5.324600 ms  DeleteObjects: 0.065800 ms)

AssetImportParameters requested are different than current active one (requested -> active):
  custom:graphics/normal-map-encoding: 01000000000000000000000000000000 -> 02000000000000000000000000000000
========================================================================
Received Prepare
Registering precompiled user dll's ...
Registered in 0.013883 seconds.
Begin MonoManager ReloadAssembly
Native extension for WindowsStandalone target not found
Refreshing native plugins compatible for Editor in 1.48 ms, found 6 plugins.
Preloading 1 native plugins for Editor in 0.49 ms.
Invoked RoslynAnalysisRunner static constructor.
RoslynAnalysisRunner will not be running.
RoslynAnalysisRunner has terminated.
NullReferenceException: Object reference not set to an instance of an object
  at Unity.XR.Oculus.OculusLoader.AssetPathToAbsolutePath (System.String assetPath) [0x00048] in C:\Users\zlzls\Desktop\VR_Villian\VillainScene3\Library\PackageCache\com.unity.xr.oculus@1.8.1\Runtime\OculusLoader.cs:243 
  at Unity.XR.Oculus.OculusLoader.EditorLoadOVRPlugin () [0x0007b] in C:\Users\zlzls\Desktop\VR_Villian\VillainScene3\Library\PackageCache\com.unity.xr.oculus@1.8.1\Runtime\OculusLoader.cs:228 

(Filename: Library/PackageCache/com.unity.xr.oculus@1.8.1/Runtime/OculusLoader.cs Line: 243)

Mono: successfully reloaded assembly
- Completed reload, in  2.526 seconds
Platform modules already initialized, skipping
Switching build target platform(5) subTarget(0) extendedPlatform(0) -> platform(13) subTarget(524294) extendedPlatform(0)
Refreshing native plugins compatible for Editor in 1.41 ms, found 6 plugins.
Preloading 1 native plugins for Editor in 0.42 ms.
Unloading 1821 Unused Serialized files (Serialized files now loaded: 0)
System memory in use before: 119.0 MB.
System memory in use after: 119.1 MB.

Unloading 12 unused Assets to reduce memory usage. Loaded Objects now: 2372.
Total: 4.528100 ms (FindLiveObjects: 0.317100 ms CreateObjectMapping: 0.150600 ms MarkObjects: 4.009800 ms  DeleteObjects: 0.047200 ms)

AssetImportParameters requested are different than current active one (requested -> active):
  custom:graphics/normal-map-encoding: 01000000000000000000000000000000 -> 02000000000000000000000000000000
========================================================================
Received Prepare
Registering precompiled user dll's ...
Registered in 0.014686 seconds.
Begin MonoManager ReloadAssembly
Native extension for WindowsStandalone target not found
Refreshing native plugins compatible for Editor in 0.96 ms, found 6 plugins.
Preloading 1 native plugins for Editor in 0.24 ms.
Invoked RoslynAnalysisRunner static constructor.
RoslynAnalysisRunner will not be running.
RoslynAnalysisRunner has terminated.
NullReferenceException: Object reference not set to an instance of an object
  at Unity.XR.Oculus.OculusLoader.AssetPathToAbsolutePath (System.String assetPath) [0x00048] in C:\Users\zlzls\Desktop\VR_Villian\VillainScene3\Library\PackageCache\com.unity.xr.oculus@1.8.1\Runtime\OculusLoader.cs:243 
  at Unity.XR.Oculus.OculusLoader.EditorLoadOVRPlugin () [0x0007b] in C:\Users\zlzls\Desktop\VR_Villian\VillainScene3\Library\PackageCache\com.unity.xr.oculus@1.8.1\Runtime\OculusLoader.cs:228 

(Filename: Library/PackageCache/com.unity.xr.oculus@1.8.1/Runtime/OculusLoader.cs Line: 243)

Mono: successfully reloaded assembly
- Completed reload, in  2.646 seconds
Platform modules already initialized, skipping
Switching build target platform(5) subTarget(0) extendedPlatform(0) -> platform(13) subTarget(524294) extendedPlatform(0)
Refreshing native plugins compatible for Editor in 1.45 ms, found 6 plugins.
Preloading 1 native plugins for Editor in 0.39 ms.
Unloading 1821 Unused Serialized files (Serialized files now loaded: 0)
System memory in use before: 119.0 MB.
System memory in use after: 119.1 MB.

Unloading 12 unused Assets to reduce memory usage. Loaded Objects now: 2376.
Total: 5.013500 ms (FindLiveObjects: 0.335200 ms CreateObjectMapping: 0.127100 ms MarkObjects: 4.508300 ms  DeleteObjects: 0.040400 ms)

AssetImportParameters requested are different than current active one (requested -> active):
  custom:graphics/normal-map-encoding: 01000000000000000000000000000000 -> 02000000000000000000000000000000
========================================================================
Received Prepare
Registering precompiled user dll's ...
Registered in 0.012034 seconds.
Begin MonoManager ReloadAssembly
Native extension for WindowsStandalone target not found
Refreshing native plugins compatible for Editor in 1.28 ms, found 6 plugins.
Preloading 1 native plugins for Editor in 0.46 ms.
Invoked RoslynAnalysisRunner static constructor.
RoslynAnalysisRunner will not be running.
RoslynAnalysisRunner has terminated.
NullReferenceException: Object reference not set to an instance of an object
  at Unity.XR.Oculus.OculusLoader.AssetPathToAbsolutePath (System.String assetPath) [0x00048] in C:\Users\zlzls\Desktop\VR_Villian\VillainScene3\Library\PackageCache\com.unity.xr.oculus@1.8.1\Runtime\OculusLoader.cs:243 
  at Unity.XR.Oculus.OculusLoader.EditorLoadOVRPlugin () [0x0007b] in C:\Users\zlzls\Desktop\VR_Villian\VillainScene3\Library\PackageCache\com.unity.xr.oculus@1.8.1\Runtime\OculusLoader.cs:228 

(Filename: Library/PackageCache/com.unity.xr.oculus@1.8.1/Runtime/OculusLoader.cs Line: 243)

Mono: successfully reloaded assembly
- Completed reload, in  2.731 seconds
Platform modules already initialized, skipping
Switching build target platform(5) subTarget(0) extendedPlatform(0) -> platform(13) subTarget(524294) extendedPlatform(0)
Refreshing native plugins compatible for Editor in 2.59 ms, found 6 plugins.
Preloading 1 native plugins for Editor in 0.60 ms.
Unloading 1821 Unused Serialized files (Serialized files now loaded: 0)
System memory in use before: 119.0 MB.
System memory in use after: 119.2 MB.

Unloading 12 unused Assets to reduce memory usage. Loaded Objects now: 2380.
Total: 5.123100 ms (FindLiveObjects: 0.442300 ms CreateObjectMapping: 0.259000 ms MarkObjects: 4.367900 ms  DeleteObjects: 0.050800 ms)

AssetImportParameters requested are different than current active one (requested -> active):
  custom:graphics/normal-map-encoding: 01000000000000000000000000000000 -> 02000000000000000000000000000000
========================================================================
Received Import Request.
  Time since last request: 2937.805934 seconds.
  path: Assets/Scripts/Fade.cs
  artifactKey: Guid(7166df63478042c45b0237dc5c7fed66) Importer(815301076,1909f56bfc062723c751e8b465ee728b)
Start importing Assets/Scripts/Fade.cs using Guid(7166df63478042c45b0237dc5c7fed66) Importer(815301076,1909f56bfc062723c751e8b465ee728b)  -> (artifact id: 'bdfaf224089987aa7caf5d7340f2e969') in 0.066592 seconds
  Import took 0.079699 seconds .

========================================================================
Received Prepare
Registering precompiled user dll's ...
Registered in 0.006094 seconds.
Begin MonoManager ReloadAssembly
Native extension for WindowsStandalone target not found
Refreshing native plugins compatible for Editor in 1.30 ms, found 6 plugins.
Preloading 1 native plugins for Editor in 0.49 ms.
Invoked RoslynAnalysisRunner static constructor.
RoslynAnalysisRunner will not be running.
RoslynAnalysisRunner has terminated.
NullReferenceException: Object reference not set to an instance of an object
  at Unity.XR.Oculus.OculusLoader.AssetPathToAbsolutePath (System.String assetPath) [0x00048] in C:\Users\zlzls\Desktop\VR_Villian\VillainScene3\Library\PackageCache\com.unity.xr.oculus@1.8.1\Runtime\OculusLoader.cs:243 
  at Unity.XR.Oculus.OculusLoader.EditorLoadOVRPlugin () [0x0007b] in C:\Users\zlzls\Desktop\VR_Villian\VillainScene3\Library\PackageCache\com.unity.xr.oculus@1.8.1\Runtime\OculusLoader.cs:228 

(Filename: Library/PackageCache/com.unity.xr.oculus@1.8.1/Runtime/OculusLoader.cs Line: 243)

Mono: successfully reloaded assembly
- Completed reload, in  2.798 seconds
Platform modules already initialized, skipping
Switching build target platform(5) subTarget(0) extendedPlatform(0) -> platform(13) subTarget(524294) extendedPlatform(0)
Refreshing native plugins compatible for Editor in 2.18 ms, found 6 plugins.
Preloading 1 native plugins for Editor in 0.61 ms.
Unloading 1821 Unused Serialized files (Serialized files now loaded: 0)
System memory in use before: 119.1 MB.
System memory in use after: 119.2 MB.

Unloading 12 unused Assets to reduce memory usage. Loaded Objects now: 2384.
Total: 4.473700 ms (FindLiveObjects: 0.348300 ms CreateObjectMapping: 0.128100 ms MarkObjects: 3.961600 ms  DeleteObjects: 0.033400 ms)

AssetImportParameters requested are different than current active one (requested -> active):
  custom:graphics/normal-map-encoding: 01000000000000000000000000000000 -> 02000000000000000000000000000000
========================================================================
Received Import Request.
  Time since last request: 574.119339 seconds.
  path: Assets/Scripts/RideMachine.cs
  artifactKey: Guid(7166df63478042c45b0237dc5c7fed66) Importer(815301076,1909f56bfc062723c751e8b465ee728b)
Start importing Assets/Scripts/RideMachine.cs using Guid(7166df63478042c45b0237dc5c7fed66) Importer(815301076,1909f56bfc062723c751e8b465ee728b)  -> (artifact id: 'edf499794393e04feda4f04376d984e7') in 0.011893 seconds
  Import took 0.019678 seconds .

========================================================================
Received Prepare
Registering precompiled user dll's ...
Registered in 0.009174 seconds.
Begin MonoManager ReloadAssembly
Native extension for WindowsStandalone target not found
Refreshing native plugins compatible for Editor in 1.39 ms, found 6 plugins.
Preloading 1 native plugins for Editor in 0.44 ms.
Invoked RoslynAnalysisRunner static constructor.
RoslynAnalysisRunner will not be running.
RoslynAnalysisRunner has terminated.
NullReferenceException: Object reference not set to an instance of an object
  at Unity.XR.Oculus.OculusLoader.AssetPathToAbsolutePath (System.String assetPath) [0x00048] in C:\Users\zlzls\Desktop\VR_Villian\VillainScene3\Library\PackageCache\com.unity.xr.oculus@1.8.1\Runtime\OculusLoader.cs:243 
  at Unity.XR.Oculus.OculusLoader.EditorLoadOVRPlugin () [0x0007b] in C:\Users\zlzls\Desktop\VR_Villian\VillainScene3\Library\PackageCache\com.unity.xr.oculus@1.8.1\Runtime\OculusLoader.cs:228 

(Filename: Library/PackageCache/com.unity.xr.oculus@1.8.1/Runtime/OculusLoader.cs Line: 243)

Mono: successfully reloaded assembly
- Completed reload, in  2.752 seconds
Platform modules already initialized, skipping
Switching build target platform(5) subTarget(0) extendedPlatform(0) -> platform(13) subTarget(524294) extendedPlatform(0)
Refreshing native plugins compatible for Editor in 1.49 ms, found 6 plugins.
Preloading 1 native plugins for Editor in 0.40 ms.
Unloading 1821 Unused Serialized files (Serialized files now loaded: 0)
System memory in use before: 119.1 MB.
System memory in use after: 119.2 MB.

Unloading 12 unused Assets to reduce memory usage. Loaded Objects now: 2388.
Total: 3.344000 ms (FindLiveObjects: 0.310000 ms CreateObjectMapping: 0.075200 ms MarkObjects: 2.926500 ms  DeleteObjects: 0.030200 ms)

AssetImportParameters requested are different than current active one (requested -> active):
  custom:graphics/normal-map-encoding: 01000000000000000000000000000000 -> 02000000000000000000000000000000
========================================================================
Received Prepare
Registering precompiled user dll's ...
Registered in 0.011977 seconds.
Begin MonoManager ReloadAssembly
Native extension for WindowsStandalone target not found
Refreshing native plugins compatible for Editor in 1.09 ms, found 6 plugins.
Preloading 1 native plugins for Editor in 0.27 ms.
Invoked RoslynAnalysisRunner static constructor.
RoslynAnalysisRunner will not be running.
RoslynAnalysisRunner has terminated.
NullReferenceException: Object reference not set to an instance of an object
  at Unity.XR.Oculus.OculusLoader.AssetPathToAbsolutePath (System.String assetPath) [0x00048] in C:\Users\zlzls\Desktop\VR_Villian\VillainScene3\Library\PackageCache\com.unity.xr.oculus@1.8.1\Runtime\OculusLoader.cs:243 
  at Unity.XR.Oculus.OculusLoader.EditorLoadOVRPlugin () [0x0007b] in C:\Users\zlzls\Desktop\VR_Villian\VillainScene3\Library\PackageCache\com.unity.xr.oculus@1.8.1\Runtime\OculusLoader.cs:228 

(Filename: Library/PackageCache/com.unity.xr.oculus@1.8.1/Runtime/OculusLoader.cs Line: 243)

Mono: successfully reloaded assembly
- Completed reload, in  3.120 seconds
Platform modules already initialized, skipping
Switching build target platform(5) subTarget(0) extendedPlatform(0) -> platform(13) subTarget(524294) extendedPlatform(0)
Refreshing native plugins compatible for Editor in 1.51 ms, found 6 plugins.
Preloading 1 native plugins for Editor in 0.40 ms.
Unloading 1821 Unused Serialized files (Serialized files now loaded: 0)
System memory in use before: 119.1 MB.
System memory in use after: 119.2 MB.

Unloading 12 unused Assets to reduce memory usage. Loaded Objects now: 2392.
Total: 5.067600 ms (FindLiveObjects: 0.444900 ms CreateObjectMapping: 0.127600 ms MarkObjects: 4.413200 ms  DeleteObjects: 0.078700 ms)

AssetImportParameters requested are different than current active one (requested -> active):
  custom:graphics/normal-map-encoding: 01000000000000000000000000000000 -> 02000000000000000000000000000000
========================================================================
Received Import Request.
  Time since last request: 462.515196 seconds.
  path: ProjectSettings/TagManager.asset
  artifactKey: Guid(00000000000000003000000000000000) Importer(815301076,1909f56bfc062723c751e8b465ee728b)
Start importing ProjectSettings/TagManager.asset using Guid(00000000000000003000000000000000) Importer(815301076,1909f56bfc062723c751e8b465ee728b)  -> (artifact id: '0428beb36129984bf372c33876d30e9e') in 0.048878 seconds
  Import took 0.057286 seconds .

========================================================================
Received Prepare
Refreshing native plugins compatible for Editor in 25.34 ms, found 6 plugins.
Preloading 1 native plugins for Editor in 0.51 ms.
Unloading 9 Unused Serialized files (Serialized files now loaded: 0)
System memory in use before: 84.1 MB.
System memory in use after: 84.2 MB.

Unloading 10 unused Assets to reduce memory usage. Loaded Objects now: 2392.
Total: 6.903000 ms (FindLiveObjects: 0.706500 ms CreateObjectMapping: 0.236800 ms MarkObjects: 5.899400 ms  DeleteObjects: 0.055900 ms)

========================================================================
Received Prepare
Refreshing native plugins compatible for Editor in 16.12 ms, found 6 plugins.
Preloading 1 native plugins for Editor in 0.29 ms.
Unloading 9 Unused Serialized files (Serialized files now loaded: 0)
System memory in use before: 84.1 MB.
System memory in use after: 84.2 MB.

Unloading 9 unused Assets to reduce memory usage. Loaded Objects now: 2392.
Total: 181.720700 ms (FindLiveObjects: 4.250000 ms CreateObjectMapping: 0.151500 ms MarkObjects: 177.255400 ms  DeleteObjects: 0.057700 ms)

========================================================================
Received Prepare
Refreshing native plugins compatible for Editor in 10.55 ms, found 6 plugins.
Preloading 1 native plugins for Editor in 0.25 ms.
Unloading 9 Unused Serialized files (Serialized files now loaded: 0)
System memory in use before: 84.1 MB.
System memory in use after: 84.2 MB.

Unloading 9 unused Assets to reduce memory usage. Loaded Objects now: 2392.
Total: 3.152600 ms (FindLiveObjects: 0.244600 ms CreateObjectMapping: 0.068500 ms MarkObjects: 2.818100 ms  DeleteObjects: 0.019300 ms)

========================================================================
Received Prepare
Registering precompiled user dll's ...
Registered in 0.128935 seconds.
Begin MonoManager ReloadAssembly
Native extension for WindowsStandalone target not found
Refreshing native plugins compatible for Editor in 0.69 ms, found 6 plugins.
Preloading 1 native plugins for Editor in 0.17 ms.
Invoked RoslynAnalysisRunner static constructor.
RoslynAnalysisRunner will not be running.
RoslynAnalysisRunner has terminated.
NullReferenceException: Object reference not set to an instance of an object
  at Unity.XR.Oculus.OculusLoader.AssetPathToAbsolutePath (System.String assetPath) [0x00048] in C:\Users\zlzls\Desktop\VR_Villian\VillainScene3\Library\PackageCache\com.unity.xr.oculus@1.8.1\Runtime\OculusLoader.cs:243 
  at Unity.XR.Oculus.OculusLoader.EditorLoadOVRPlugin () [0x0007b] in C:\Users\zlzls\Desktop\VR_Villian\VillainScene3\Library\PackageCache\com.unity.xr.oculus@1.8.1\Runtime\OculusLoader.cs:228 

(Filename: Library/PackageCache/com.unity.xr.oculus@1.8.1/Runtime/OculusLoader.cs Line: 243)

Mono: successfully reloaded assembly
- Completed reload, in  1.277 seconds
Platform modules already initialized, skipping
Switching build target platform(5) subTarget(0) extendedPlatform(0) -> platform(13) subTarget(524294) extendedPlatform(0)
Refreshing native plugins compatible for Editor in 0.53 ms, found 6 plugins.
Preloading 1 native plugins for Editor in 0.14 ms.
Unloading 1821 Unused Serialized files (Serialized files now loaded: 0)
System memory in use before: 119.1 MB.
System memory in use after: 119.2 MB.

Unloading 12 unused Assets to reduce memory usage. Loaded Objects now: 2396.
Total: 1.803500 ms (FindLiveObjects: 0.148700 ms CreateObjectMapping: 0.039300 ms MarkObjects: 1.588200 ms  DeleteObjects: 0.025900 ms)

AssetImportParameters requested are different than current active one (requested -> active):
  custom:graphics/normal-map-encoding: 01000000000000000000000000000000 -> 02000000000000000000000000000000
========================================================================
Received Prepare
Registering precompiled user dll's ...
Registered in 0.004764 seconds.
Begin MonoManager ReloadAssembly
Native extension for WindowsStandalone target not found
Refreshing native plugins compatible for Editor in 0.85 ms, found 6 plugins.
Preloading 1 native plugins for Editor in 0.23 ms.
Invoked RoslynAnalysisRunner static constructor.
RoslynAnalysisRunner will not be running.
RoslynAnalysisRunner has terminated.
NullReferenceException: Object reference not set to an instance of an object
  at Unity.XR.Oculus.OculusLoader.AssetPathToAbsolutePath (System.String assetPath) [0x00048] in C:\Users\zlzls\Desktop\VR_Villian\VillainScene3\Library\PackageCache\com.unity.xr.oculus@1.8.1\Runtime\OculusLoader.cs:243 
  at Unity.XR.Oculus.OculusLoader.EditorLoadOVRPlugin () [0x0007b] in C:\Users\zlzls\Desktop\VR_Villian\VillainScene3\Library\PackageCache\com.unity.xr.oculus@1.8.1\Runtime\OculusLoader.cs:228 

(Filename: Library/PackageCache/com.unity.xr.oculus@1.8.1/Runtime/OculusLoader.cs Line: 243)

Mono: successfully reloaded assembly
- Completed reload, in  0.849 seconds
Platform modules already initialized, skipping
Switching build target platform(5) subTarget(0) extendedPlatform(0) -> platform(13) subTarget(524294) extendedPlatform(0)
Refreshing native plugins compatible for Editor in 0.53 ms, found 6 plugins.
Preloading 1 native plugins for Editor in 0.12 ms.
Unloading 1821 Unused Serialized files (Serialized files now loaded: 0)
System memory in use before: 119.1 MB.
System memory in use after: 119.2 MB.

Unloading 12 unused Assets to reduce memory usage. Loaded Objects now: 2400.
Total: 1.705100 ms (FindLiveObjects: 0.148200 ms CreateObjectMapping: 0.049800 ms MarkObjects: 1.488900 ms  DeleteObjects: 0.017300 ms)

AssetImportParameters requested are different than current active one (requested -> active):
  custom:graphics/normal-map-encoding: 01000000000000000000000000000000 -> 02000000000000000000000000000000
========================================================================
Received Prepare
Refreshing native plugins compatible for Editor in 5.00 ms, found 6 plugins.
Preloading 1 native plugins for Editor in 0.11 ms.
Unloading 9 Unused Serialized files (Serialized files now loaded: 0)
System memory in use before: 84.1 MB.
System memory in use after: 84.2 MB.

Unloading 9 unused Assets to reduce memory usage. Loaded Objects now: 2400.
Total: 3.645700 ms (FindLiveObjects: 0.289100 ms CreateObjectMapping: 0.085700 ms MarkObjects: 3.245600 ms  DeleteObjects: 0.023200 ms)

========================================================================
Received Prepare
Refreshing native plugins compatible for Editor in 6.68 ms, found 6 plugins.
Preloading 1 native plugins for Editor in 0.16 ms.
Unloading 9 Unused Serialized files (Serialized files now loaded: 0)
System memory in use before: 84.1 MB.
System memory in use after: 84.2 MB.

Unloading 9 unused Assets to reduce memory usage. Loaded Objects now: 2400.
Total: 23.500600 ms (FindLiveObjects: 1.126900 ms CreateObjectMapping: 0.102000 ms MarkObjects: 22.237000 ms  DeleteObjects: 0.031900 ms)

AssetImportWorkerClient::OnTransportError - code=2 error=End of file
