Using pre-set license
Built from '2020.3/staging' branch; Version is '2020.3.3f1 (76626098c1c4) revision 7758432'; Using compiler version '192528614'; Build Type 'Release'
OS: 'Windows 10 Pro; OS build 19042.985; Version 2009; 64bit' Language: 'ko' Physical Memory: 16315 MB
BatchMode: 1, IsHumanControllingUs: 0, StartBugReporterOnCrash: 0, Is64bit: 1, IsPro: 0

 COMMAND LINE ARGUMENTS:
C:\Program Files\Unity\Hub\Editor\2020.3.3f1\Editor\Unity.exe
-adb2
-batchMode
-noUpm
-name
AssetImportWorker0
-projectPath
C:/Users/DMC CONET/Desktop/vill/Villain_Boss
-logFile
Logs/AssetImportWorker0.log
-srvPort
49850
Successfully changed project path to: C:/Users/DMC CONET/Desktop/vill/Villain_Boss
C:/Users/DMC CONET/Desktop/vill/Villain_Boss
Using Asset Import Pipeline V2.
Refreshing native plugins compatible for Editor in 50.70 ms, found 6 plugins.
Preloading 1 native plugins for Editor in 0.80 ms.
Initialize engine version: 2020.3.3f1 (76626098c1c4)
[Subsystems] Discovering subsystems at path C:/Program Files/Unity/Hub/Editor/2020.3.3f1/Editor/Data/Resources/UnitySubsystems
[Subsystems] Discovering subsystems at path C:/Users/DMC CONET/Desktop/vill/Villain_Boss/Assets
GfxDevice: creating device client; threaded=0
Direct3D:
    Version:  Direct3D 11.0 [level 11.1]
    Renderer: NVIDIA GeForce GTX 1660 SUPER (ID=0x21c4)
    Vendor:   
    VRAM:     5991 MB
    Driver:   27.21.14.5751
Initialize mono
Mono path[0] = 'C:/Program Files/Unity/Hub/Editor/2020.3.3f1/Editor/Data/Managed'
Mono path[1] = 'C:/Program Files/Unity/Hub/Editor/2020.3.3f1/Editor/Data/MonoBleedingEdge/lib/mono/unityjit'
Mono config path = 'C:/Program Files/Unity/Hub/Editor/2020.3.3f1/Editor/Data/MonoBleedingEdge/etc'
Using monoOptions --debugger-agent=transport=dt_socket,embedding=1,server=y,suspend=n,address=127.0.0.1:56256
Begin MonoManager ReloadAssembly
Registering precompiled unity dll's ...
Register platform support module: C:/Program Files/Unity/Hub/Editor/2020.3.3f1/Editor/Data/PlaybackEngines/WindowsStandaloneSupport/UnityEditor.WindowsStandalone.Extensions.dll
Registered in 0.001432 seconds.
Native extension for WindowsStandalone target not found
Refreshing native plugins compatible for Editor in 47.30 ms, found 6 plugins.
Preloading 1 native plugins for Editor in 0.07 ms.
Invoked RoslynAnalysisRunner static constructor.
RoslynAnalysisRunner will not be running.
RoslynAnalysisRunner has terminated.
Mono: successfully reloaded assembly
- Completed reload, in  1.470 seconds
Platform modules already initialized, skipping
Registering precompiled user dll's ...
Registered in 0.001988 seconds.
Begin MonoManager ReloadAssembly
Native extension for WindowsStandalone target not found
Refreshing native plugins compatible for Editor in 46.88 ms, found 6 plugins.
Preloading 1 native plugins for Editor in 0.07 ms.
Invoked RoslynAnalysisRunner static constructor.
RoslynAnalysisRunner will not be running.
RoslynAnalysisRunner has terminated.
[XR] OculusXRPlugin: registering subsystems
[XR] Unable to register display lifecyle provider: [1]
[XR] Oculus Input lifecycle provider registered.
[XR] Unable to register input lifecyle provider: [1]
NullReferenceException: Object reference not set to an instance of an object
  at Unity.XR.Oculus.OculusLoader.AssetPathToAbsolutePath (System.String assetPath) [0x00048] in C:\Users\DMC CONET\Desktop\VR_Villian\Villain_Boss\Library\PackageCache\com.unity.xr.oculus@1.8.1\Runtime\OculusLoader.cs:243 
  at Unity.XR.Oculus.OculusLoader.EditorLoadOVRPlugin () [0x0007b] in C:\Users\DMC CONET\Desktop\VR_Villian\Villain_Boss\Library\PackageCache\com.unity.xr.oculus@1.8.1\Runtime\OculusLoader.cs:228 

(Filename: C:/Users/DMC CONET/Desktop/VR_Villian/Villain_Boss/Library/PackageCache/com.unity.xr.oculus@1.8.1/Runtime/OculusLoader.cs Line: 243)

Mono: successfully reloaded assembly
- Completed reload, in  0.867 seconds
Platform modules already initialized, skipping
========================================================================
Worker process is ready to serve import requests
Launched and connected shader compiler UnityShaderCompiler.exe after 0.03 seconds
Refreshing native plugins compatible for Editor in 0.57 ms, found 6 plugins.
Preloading 1 native plugins for Editor in 0.07 ms.
Unloading 1838 Unused Serialized files (Serialized files now loaded: 0)
System memory in use before: 163.0 MB.
System memory in use after: 163.1 MB.

Unloading 19 unused Assets to reduce memory usage. Loaded Objects now: 2299.
Total: 2.099200 ms (FindLiveObjects: 0.201000 ms CreateObjectMapping: 0.075700 ms MarkObjects: 1.685900 ms  DeleteObjects: 0.135900 ms)

========================================================================
Received Import Request.
  path: Assets/Animators
  artifactKey: Guid(edffb3847321fde4187f5c3e39ff093e) Importer(815301076,1909f56bfc062723c751e8b465ee728b)
Start importing Assets/Animators using Guid(edffb3847321fde4187f5c3e39ff093e) Importer(815301076,1909f56bfc062723c751e8b465ee728b)  -> (artifact id: 'd85fb0d809947ea6c89edd57215cf2d9') in 0.006876 seconds
  Import took 0.010231 seconds .

========================================================================
Received Import Request.
  Time since last request: 8.897479 seconds.
  path: Assets/Images
  artifactKey: Guid(72e060b22db04e54884c81d99fab8b3b) Importer(815301076,1909f56bfc062723c751e8b465ee728b)
Start importing Assets/Images using Guid(72e060b22db04e54884c81d99fab8b3b) Importer(815301076,1909f56bfc062723c751e8b465ee728b)  -> (artifact id: '973ae70d410029a4890b0576fc609242') in 0.006313 seconds
  Import took 0.009399 seconds .

========================================================================
Received Import Request.
  Time since last request: 1.578306 seconds.
  path: Assets/Images/dialog.png
  artifactKey: Guid(50dae3cf8637fc346b8adb68fb2aae02) Importer(815301076,1909f56bfc062723c751e8b465ee728b)
Start importing Assets/Images/dialog.png using Guid(50dae3cf8637fc346b8adb68fb2aae02) Importer(815301076,1909f56bfc062723c751e8b465ee728b)  -> (artifact id: 'e69fb541c69001e2322cd3136d7354b6') in 0.099168 seconds
  Import took 0.101932 seconds .

========================================================================
Received Import Request.
  Time since last request: 0.777265 seconds.
  path: Assets/Images/warning.png
  artifactKey: Guid(625d3e1650ed6ae41b93599e185ce1b3) Importer(815301076,1909f56bfc062723c751e8b465ee728b)
Start importing Assets/Images/warning.png using Guid(625d3e1650ed6ae41b93599e185ce1b3) Importer(815301076,1909f56bfc062723c751e8b465ee728b)  -> (artifact id: 'f272599a806890acb6a186949a73f2af') in 0.010790 seconds
  Import took 0.013673 seconds .

========================================================================
Received Import Request.
  Time since last request: 0.002109 seconds.
  path: Assets/Images/warning.png
  artifactKey: Guid(625d3e1650ed6ae41b93599e185ce1b3) Importer(815301076,1909f56bfc062723c751e8b465ee728b)
Start importing Assets/Images/warning.png using Guid(625d3e1650ed6ae41b93599e185ce1b3) Importer(815301076,1909f56bfc062723c751e8b465ee728b)  -> (artifact id: 'f272599a806890acb6a186949a73f2af') in 0.006342 seconds
  Import took 0.009236 seconds .

========================================================================
Received Import Request.
  Time since last request: 18.898195 seconds.
  path: Assets/Inguz Media Studio
  artifactKey: Guid(29a9b807daea9924b8ea665b66a88930) Importer(815301076,1909f56bfc062723c751e8b465ee728b)
Start importing Assets/Inguz Media Studio using Guid(29a9b807daea9924b8ea665b66a88930) Importer(815301076,1909f56bfc062723c751e8b465ee728b)  -> (artifact id: '4960860c5eb575fa01c0958bde6e1ae8') in 0.005275 seconds
  Import took 0.008595 seconds .

========================================================================
Received Import Request.
  Time since last request: 19.017440 seconds.
  path: Assets/SciFiWarriorPBRHPPolyart/Animations
  artifactKey: Guid(b9a7525684252cf44a06de79640c67a8) Importer(815301076,1909f56bfc062723c751e8b465ee728b)
Start importing Assets/SciFiWarriorPBRHPPolyart/Animations using Guid(b9a7525684252cf44a06de79640c67a8) Importer(815301076,1909f56bfc062723c751e8b465ee728b)  -> (artifact id: '1ada731f9f23e538e34f0bb3bb65edc4') in 0.005591 seconds
  Import took 0.009007 seconds .

========================================================================
Received Import Request.
  Time since last request: 0.294437 seconds.
  path: Assets/SciFiWarriorPBRHPPolyart/Animations/AvatarMask.mask
  artifactKey: Guid(e0402be4321aa2646a7af179c44591a7) Importer(815301076,1909f56bfc062723c751e8b465ee728b)
Start importing Assets/SciFiWarriorPBRHPPolyart/Animations/AvatarMask.mask using Guid(e0402be4321aa2646a7af179c44591a7) Importer(815301076,1909f56bfc062723c751e8b465ee728b)  -> (artifact id: '947aadc8fbcd52d66c2a7b5386ce64e3') in 0.008137 seconds
  Import took 0.011069 seconds .

========================================================================
Received Import Request.
  Time since last request: 0.615168 seconds.
  path: Assets/SciFiWarriorPBRHPPolyart/Animations/Die.fbx
  artifactKey: Guid(d406f8f3cbe268f4e9d0234d45cca60c) Importer(815301076,1909f56bfc062723c751e8b465ee728b)
Start importing Assets/SciFiWarriorPBRHPPolyart/Animations/Die.fbx using Guid(d406f8f3cbe268f4e9d0234d45cca60c) Importer(815301076,1909f56bfc062723c751e8b465ee728b)  -> (artifact id: '23df69bbd9f5491bb389ebed3bf228b2') in 0.176998 seconds
  Import took 0.180979 seconds .

========================================================================
Received Import Request.
  Time since last request: 121.899778 seconds.
  path: Assets/03. Prefabs/BossMonster.prefab
  artifactKey: Guid(45abb0aeef80ed340b71dbc73906f074) Importer(815301076,1909f56bfc062723c751e8b465ee728b)
Start importing Assets/03. Prefabs/BossMonster.prefab using Guid(45abb0aeef80ed340b71dbc73906f074) Importer(815301076,1909f56bfc062723c751e8b465ee728b)  -> (artifact id: '2c80e973d955a8c3457404ecd1ca78de') in 0.100600 seconds
  Import took 0.105147 seconds .

========================================================================
Received Import Request.
  Time since last request: 13.099520 seconds.
  path: Assets/03. Prefabs/groundCollider.prefab
  artifactKey: Guid(992fc942122ce004fb2b860b8b097283) Importer(815301076,1909f56bfc062723c751e8b465ee728b)
Start importing Assets/03. Prefabs/groundCollider.prefab using Guid(992fc942122ce004fb2b860b8b097283) Importer(815301076,1909f56bfc062723c751e8b465ee728b)  -> (artifact id: 'a9afbddeac67ab846022e8810dc04f46') in 0.009407 seconds
  Import took 0.012819 seconds .

========================================================================
Received Import Request.
  Time since last request: 20.042593 seconds.
  path: Assets/03. Prefabs/Machine_G.prefab
  artifactKey: Guid(e1f41761cb5398d47aca5ff991491636) Importer(815301076,1909f56bfc062723c751e8b465ee728b)
Start importing Assets/03. Prefabs/Machine_G.prefab using Guid(e1f41761cb5398d47aca5ff991491636) Importer(815301076,1909f56bfc062723c751e8b465ee728b)  -> (artifact id: '5d4598cf92f211a3c4bfc8477f21c1ad') in 0.266220 seconds
  Import took 0.270359 seconds .

========================================================================
Received Import Request.
  Time since last request: 24.085223 seconds.
  path: Assets/03. Prefabs/Terrain_G.prefab
  artifactKey: Guid(0a55205b790e7534b927cca3c5765377) Importer(815301076,1909f56bfc062723c751e8b465ee728b)
Start importing Assets/03. Prefabs/Terrain_G.prefab using Guid(0a55205b790e7534b927cca3c5765377) Importer(815301076,1909f56bfc062723c751e8b465ee728b)  -> (artifact id: 'e6d20bac98a37e6e1ab118263266c6be') in 0.439362 seconds
  Import took 0.469467 seconds .

========================================================================
Received Prepare
Registering precompiled user dll's ...
Registered in 0.002278 seconds.
Begin MonoManager ReloadAssembly
Native extension for WindowsStandalone target not found
Refreshing native plugins compatible for Editor in 0.60 ms, found 6 plugins.
Preloading 1 native plugins for Editor in 0.08 ms.
Invoked RoslynAnalysisRunner static constructor.
RoslynAnalysisRunner will not be running.
RoslynAnalysisRunner has terminated.
NullReferenceException: Object reference not set to an instance of an object
  at Unity.XR.Oculus.OculusLoader.AssetPathToAbsolutePath (System.String assetPath) [0x00048] in C:\Users\DMC CONET\Desktop\VR_Villian\Villain_Boss\Library\PackageCache\com.unity.xr.oculus@1.8.1\Runtime\OculusLoader.cs:243 
  at Unity.XR.Oculus.OculusLoader.EditorLoadOVRPlugin () [0x0007b] in C:\Users\DMC CONET\Desktop\VR_Villian\Villain_Boss\Library\PackageCache\com.unity.xr.oculus@1.8.1\Runtime\OculusLoader.cs:228 

(Filename: C:/Users/DMC CONET/Desktop/VR_Villian/Villain_Boss/Library/PackageCache/com.unity.xr.oculus@1.8.1/Runtime/OculusLoader.cs Line: 243)

Mono: successfully reloaded assembly
- Completed reload, in  0.783 seconds
Platform modules already initialized, skipping
Switching build target platform(5) subTarget(0) extendedPlatform(0) -> platform(13) subTarget(524288) extendedPlatform(0)
Refreshing native plugins compatible for Editor in 0.57 ms, found 6 plugins.
Preloading 1 native plugins for Editor in 0.07 ms.
Unloading 1816 Unused Serialized files (Serialized files now loaded: 0)
System memory in use before: 190.0 MB.
System memory in use after: 190.1 MB.

Unloading 14 unused Assets to reduce memory usage. Loaded Objects now: 2352.
Total: 2.122500 ms (FindLiveObjects: 0.205100 ms CreateObjectMapping: 0.076800 ms MarkObjects: 1.798800 ms  DeleteObjects: 0.041100 ms)

AssetImportParameters requested are different than current active one (requested -> active):
  custom:graphics/normal-map-encoding: 01000000000000000000000000000000 -> 02000000000000000000000000000000
AssetImportWorkerClient::OnTransportError - code=2 error=End of file
