Using pre-set license
Built from '2020.3/staging' branch; Version is '2020.3.3f1 (76626098c1c4) revision 7758432'; Using compiler version '192528614'; Build Type 'Release'
OS: 'Windows 10 Pro; OS build 19042.1052; Version 2009; 64bit' Language: 'ko' Physical Memory: 16315 MB
BatchMode: 1, IsHumanControllingUs: 0, StartBugReporterOnCrash: 0, Is64bit: 1, IsPro: 0

 COMMAND LINE ARGUMENTS:
C:\Program Files\Unity\Hub\Editor\2020.3.3f1\Editor\Unity.exe
-adb2
-batchMode
-noUpm
-name
AssetImportWorker0
-projectPath
C:/Users/DMC CONET/Desktop/Villian.ver7 (2)
-logFile
Logs/AssetImportWorker0.log
-srvPort
61149
Successfully changed project path to: C:/Users/DMC CONET/Desktop/Villian.ver7 (2)
C:/Users/DMC CONET/Desktop/Villian.ver7 (2)
Using Asset Import Pipeline V2.
Refreshing native plugins compatible for Editor in 509.50 ms, found 3 plugins.
Preloading 1 native plugins for Editor in 0.79 ms.
Initialize engine version: 2020.3.3f1 (76626098c1c4)
[Subsystems] Discovering subsystems at path C:/Program Files/Unity/Hub/Editor/2020.3.3f1/Editor/Data/Resources/UnitySubsystems
[Subsystems] Discovering subsystems at path C:/Users/DMC CONET/Desktop/Villian.ver7 (2)/Assets
GfxDevice: creating device client; threaded=0
Direct3D:
    Version:  Direct3D 11.0 [level 11.1]
    Renderer: NVIDIA GeForce GTX 1660 SUPER (ID=0x21c4)
    Vendor:   
    VRAM:     5991 MB
    Driver:   27.21.14.5751
Initialize mono
Mono path[0] = 'C:/Program Files/Unity/Hub/Editor/2020.3.3f1/Editor/Data/Managed'
Mono path[1] = 'C:/Program Files/Unity/Hub/Editor/2020.3.3f1/Editor/Data/MonoBleedingEdge/lib/mono/unityjit'
Mono config path = 'C:/Program Files/Unity/Hub/Editor/2020.3.3f1/Editor/Data/MonoBleedingEdge/etc'
Using monoOptions --debugger-agent=transport=dt_socket,embedding=1,server=y,suspend=n,address=127.0.0.1:56100
Begin MonoManager ReloadAssembly
Registering precompiled unity dll's ...
Register platform support module: C:/Program Files/Unity/Hub/Editor/2020.3.3f1/Editor/Data/PlaybackEngines/WindowsStandaloneSupport/UnityEditor.WindowsStandalone.Extensions.dll
Registered in 0.001436 seconds.
Native extension for WindowsStandalone target not found
Refreshing native plugins compatible for Editor in 50.75 ms, found 3 plugins.
Preloading 1 native plugins for Editor in 0.07 ms.
Invoked RoslynAnalysisRunner static constructor.
RoslynAnalysisRunner will not be running.
RoslynAnalysisRunner has terminated.
Mono: successfully reloaded assembly
- Completed reload, in  3.821 seconds
Platform modules already initialized, skipping
Registering precompiled user dll's ...
Registered in 0.001633 seconds.
Begin MonoManager ReloadAssembly
Native extension for WindowsStandalone target not found
Refreshing native plugins compatible for Editor in 49.82 ms, found 3 plugins.
Preloading 1 native plugins for Editor in 0.08 ms.
Invoked RoslynAnalysisRunner static constructor.
RoslynAnalysisRunner will not be running.
RoslynAnalysisRunner has terminated.
[XR] OculusXRPlugin: registering subsystems
[XR] Unable to register display lifecyle provider: [1]
[XR] Oculus Input lifecycle provider registered.
[XR] Unable to register input lifecyle provider: [1]
NullReferenceException: Object reference not set to an instance of an object
  at Unity.XR.Oculus.OculusLoader.AssetPathToAbsolutePath (System.String assetPath) [0x00048] in C:\Users\DMC CONET\Downloads\Villian.ver6\Library\PackageCache\com.unity.xr.oculus@1.8.1\Runtime\OculusLoader.cs:243 
  at Unity.XR.Oculus.OculusLoader.EditorLoadOVRPlugin () [0x0007b] in C:\Users\DMC CONET\Downloads\Villian.ver6\Library\PackageCache\com.unity.xr.oculus@1.8.1\Runtime\OculusLoader.cs:228 

(Filename: C:/Users/DMC CONET/Downloads/Villian.ver6/Library/PackageCache/com.unity.xr.oculus@1.8.1/Runtime/OculusLoader.cs Line: 243)

Mono: successfully reloaded assembly
- Completed reload, in  0.891 seconds
Platform modules already initialized, skipping
========================================================================
Worker process is ready to serve import requests
Launched and connected shader compiler UnityShaderCompiler.exe after 0.07 seconds
Refreshing native plugins compatible for Editor in 0.96 ms, found 3 plugins.
Preloading 1 native plugins for Editor in 0.10 ms.
Unloading 1724 Unused Serialized files (Serialized files now loaded: 0)
System memory in use before: 175.4 MB.
System memory in use after: 175.4 MB.

Unloading 13 unused Assets to reduce memory usage. Loaded Objects now: 2207.
Total: 2.257900 ms (FindLiveObjects: 0.300300 ms CreateObjectMapping: 0.117800 ms MarkObjects: 1.682700 ms  DeleteObjects: 0.156400 ms)

========================================================================
Received Import Request.
  path: Assets/03Villain_A/02Asset/Cartoon_City_Mega-Pack/scenes/City_scene_summer123.unity
  artifactKey: Guid(42ae40064f906f149a05bd8f83a14364) Importer(815301076,1909f56bfc062723c751e8b465ee728b)
Start importing Assets/03Villain_A/02Asset/Cartoon_City_Mega-Pack/scenes/City_scene_summer123.unity using Guid(42ae40064f906f149a05bd8f83a14364) Importer(815301076,1909f56bfc062723c751e8b465ee728b)  -> (artifact id: '8dc50c227c07451254007bdb7beb990e') in 0.013232 seconds
  Import took 0.015924 seconds .

========================================================================
Received Import Request.
  Time since last request: 1.793938 seconds.
  path: Assets/Scripts
  artifactKey: Guid(90cf660328d1e854693d3a077bc4e204) Importer(815301076,1909f56bfc062723c751e8b465ee728b)
Start importing Assets/Scripts using Guid(90cf660328d1e854693d3a077bc4e204) Importer(815301076,1909f56bfc062723c751e8b465ee728b)  -> (artifact id: '9bf28d9764a928ab520b38d05ba76846') in 0.005419 seconds
  Import took 0.008401 seconds .

========================================================================
Received Import Request.
  Time since last request: 2.510020 seconds.
  path: Assets/Script_A
  artifactKey: Guid(31b6f2b77ee7dae41835ac695361b367) Importer(815301076,1909f56bfc062723c751e8b465ee728b)
Start importing Assets/Script_A using Guid(31b6f2b77ee7dae41835ac695361b367) Importer(815301076,1909f56bfc062723c751e8b465ee728b)  -> (artifact id: '528c2ad2e015eed7a7d8b4999a72bcb0') in 0.005515 seconds
  Import took 0.008350 seconds .

========================================================================
Received Prepare
Registering precompiled user dll's ...
Registered in 0.001492 seconds.
Begin MonoManager ReloadAssembly
Native extension for WindowsStandalone target not found
Refreshing native plugins compatible for Editor in 0.58 ms, found 3 plugins.
Preloading 1 native plugins for Editor in 0.07 ms.
Invoked RoslynAnalysisRunner static constructor.
RoslynAnalysisRunner will not be running.
RoslynAnalysisRunner has terminated.
NullReferenceException: Object reference not set to an instance of an object
  at Unity.XR.Oculus.OculusLoader.AssetPathToAbsolutePath (System.String assetPath) [0x00048] in C:\Users\DMC CONET\Downloads\Villian.ver6\Library\PackageCache\com.unity.xr.oculus@1.8.1\Runtime\OculusLoader.cs:243 
  at Unity.XR.Oculus.OculusLoader.EditorLoadOVRPlugin () [0x0007b] in C:\Users\DMC CONET\Downloads\Villian.ver6\Library\PackageCache\com.unity.xr.oculus@1.8.1\Runtime\OculusLoader.cs:228 

(Filename: C:/Users/DMC CONET/Downloads/Villian.ver6/Library/PackageCache/com.unity.xr.oculus@1.8.1/Runtime/OculusLoader.cs Line: 243)

Mono: successfully reloaded assembly
- Completed reload, in  0.772 seconds
Platform modules already initialized, skipping
Switching build target platform(5) subTarget(0) extendedPlatform(0) -> platform(13) subTarget(524288) extendedPlatform(0)
Refreshing native plugins compatible for Editor in 0.59 ms, found 3 plugins.
Preloading 1 native plugins for Editor in 0.08 ms.
Unloading 1692 Unused Serialized files (Serialized files now loaded: 0)
System memory in use before: 171.3 MB.
System memory in use after: 171.4 MB.

Unloading 6 unused Assets to reduce memory usage. Loaded Objects now: 2211.
Total: 1.917600 ms (FindLiveObjects: 0.210500 ms CreateObjectMapping: 0.067200 ms MarkObjects: 1.564200 ms  DeleteObjects: 0.074500 ms)

AssetImportParameters requested are different than current active one (requested -> active):
  custom:graphics/normal-map-encoding: 01000000000000000000000000000000 -> 02000000000000000000000000000000
========================================================================
Received Import Request.
  Time since last request: 22.508798 seconds.
  path: Assets/Script_A/TimeAttack_A.cs
  artifactKey: Guid(034d5fedeef31464f8a7e719b390ed77) Importer(815301076,1909f56bfc062723c751e8b465ee728b)
Start importing Assets/Script_A/TimeAttack_A.cs using Guid(034d5fedeef31464f8a7e719b390ed77) Importer(815301076,1909f56bfc062723c751e8b465ee728b)  -> (artifact id: 'abe10ef02c951891311b0ea25895cb9f') in 0.019229 seconds
  Import took 0.022052 seconds .

========================================================================
Received Prepare
Refreshing native plugins compatible for Editor in 1.02 ms, found 3 plugins.
Preloading 1 native plugins for Editor in 0.07 ms.
Unloading 3 Unused Serialized files (Serialized files now loaded: 0)
System memory in use before: 139.9 MB.
System memory in use after: 140.0 MB.

Unloading 3 unused Assets to reduce memory usage. Loaded Objects now: 2211.
Total: 1.808700 ms (FindLiveObjects: 0.189500 ms CreateObjectMapping: 0.053400 ms MarkObjects: 1.478000 ms  DeleteObjects: 0.086600 ms)

========================================================================
Received Prepare
Registering precompiled user dll's ...
Registered in 0.008405 seconds.
Begin MonoManager ReloadAssembly
Native extension for WindowsStandalone target not found
Refreshing native plugins compatible for Editor in 0.60 ms, found 3 plugins.
Preloading 1 native plugins for Editor in 0.08 ms.
Invoked RoslynAnalysisRunner static constructor.
RoslynAnalysisRunner will not be running.
RoslynAnalysisRunner has terminated.
NullReferenceException: Object reference not set to an instance of an object
  at Unity.XR.Oculus.OculusLoader.AssetPathToAbsolutePath (System.String assetPath) [0x00048] in C:\Users\DMC CONET\Downloads\Villian.ver6\Library\PackageCache\com.unity.xr.oculus@1.8.1\Runtime\OculusLoader.cs:243 
  at Unity.XR.Oculus.OculusLoader.EditorLoadOVRPlugin () [0x0007b] in C:\Users\DMC CONET\Downloads\Villian.ver6\Library\PackageCache\com.unity.xr.oculus@1.8.1\Runtime\OculusLoader.cs:228 

(Filename: C:/Users/DMC CONET/Downloads/Villian.ver6/Library/PackageCache/com.unity.xr.oculus@1.8.1/Runtime/OculusLoader.cs Line: 243)

Mono: successfully reloaded assembly
- Completed reload, in  0.779 seconds
Platform modules already initialized, skipping
Switching build target platform(5) subTarget(0) extendedPlatform(0) -> platform(13) subTarget(524288) extendedPlatform(0)
Refreshing native plugins compatible for Editor in 0.58 ms, found 3 plugins.
Preloading 1 native plugins for Editor in 0.07 ms.
Unloading 1692 Unused Serialized files (Serialized files now loaded: 0)
System memory in use before: 171.4 MB.
System memory in use after: 171.5 MB.

Unloading 6 unused Assets to reduce memory usage. Loaded Objects now: 2215.
Total: 2.105000 ms (FindLiveObjects: 0.183300 ms CreateObjectMapping: 0.060000 ms MarkObjects: 1.731800 ms  DeleteObjects: 0.129100 ms)

AssetImportParameters requested are different than current active one (requested -> active):
  custom:graphics/normal-map-encoding: 01000000000000000000000000000000 -> 02000000000000000000000000000000
========================================================================
Received Prepare
Refreshing native plugins compatible for Editor in 1.63 ms, found 3 plugins.
Preloading 1 native plugins for Editor in 0.13 ms.
Unloading 3 Unused Serialized files (Serialized files now loaded: 0)
System memory in use before: 140.0 MB.
System memory in use after: 140.1 MB.

Unloading 3 unused Assets to reduce memory usage. Loaded Objects now: 2215.
Total: 2.099200 ms (FindLiveObjects: 0.189000 ms CreateObjectMapping: 0.057900 ms MarkObjects: 1.731000 ms  DeleteObjects: 0.119900 ms)

========================================================================
Received Import Request.
  Time since last request: 2275.780228 seconds.
  path: Assets/Prefabs/Grenade_B (3) Variant.prefab
  artifactKey: Guid(c4fcc956bb775f340812d91c11f66d18) Importer(815301076,1909f56bfc062723c751e8b465ee728b)
Start importing Assets/Prefabs/Grenade_B (3) Variant.prefab using Guid(c4fcc956bb775f340812d91c11f66d18) Importer(815301076,1909f56bfc062723c751e8b465ee728b)  -> (artifact id: '07a3c5790b35a31be0df17e1a7d73126') in 0.356549 seconds
  Import took 0.360953 seconds .

========================================================================
Received Import Request.
  Time since last request: 0.001181 seconds.
  path: Assets/Prefabs/Grenade_B (3) Variant.prefab
  artifactKey: Guid(c4fcc956bb775f340812d91c11f66d18) Importer(815301076,1909f56bfc062723c751e8b465ee728b)
Start importing Assets/Prefabs/Grenade_B (3) Variant.prefab using Guid(c4fcc956bb775f340812d91c11f66d18) Importer(815301076,1909f56bfc062723c751e8b465ee728b)  -> (artifact id: '07a3c5790b35a31be0df17e1a7d73126') in 0.186433 seconds
  Import took 0.190758 seconds .

========================================================================
Received Prepare
Registering precompiled user dll's ...
Registered in 0.001484 seconds.
Begin MonoManager ReloadAssembly
Native extension for WindowsStandalone target not found
Refreshing native plugins compatible for Editor in 0.59 ms, found 3 plugins.
Preloading 1 native plugins for Editor in 0.08 ms.
Invoked RoslynAnalysisRunner static constructor.
RoslynAnalysisRunner will not be running.
RoslynAnalysisRunner has terminated.
NullReferenceException: Object reference not set to an instance of an object
  at Unity.XR.Oculus.OculusLoader.AssetPathToAbsolutePath (System.String assetPath) [0x00048] in C:\Users\DMC CONET\Downloads\Villian.ver6\Library\PackageCache\com.unity.xr.oculus@1.8.1\Runtime\OculusLoader.cs:243 
  at Unity.XR.Oculus.OculusLoader.EditorLoadOVRPlugin () [0x0007b] in C:\Users\DMC CONET\Downloads\Villian.ver6\Library\PackageCache\com.unity.xr.oculus@1.8.1\Runtime\OculusLoader.cs:228 

(Filename: C:/Users/DMC CONET/Downloads/Villian.ver6/Library/PackageCache/com.unity.xr.oculus@1.8.1/Runtime/OculusLoader.cs Line: 243)

Mono: successfully reloaded assembly
- Completed reload, in  0.787 seconds
Platform modules already initialized, skipping
Switching build target platform(5) subTarget(0) extendedPlatform(0) -> platform(13) subTarget(524288) extendedPlatform(0)
Refreshing native plugins compatible for Editor in 0.57 ms, found 3 plugins.
Preloading 1 native plugins for Editor in 0.07 ms.
Unloading 1692 Unused Serialized files (Serialized files now loaded: 0)
System memory in use before: 174.6 MB.
System memory in use after: 174.7 MB.

Unloading 6 unused Assets to reduce memory usage. Loaded Objects now: 2227.
Total: 1.808700 ms (FindLiveObjects: 0.199200 ms CreateObjectMapping: 0.054300 ms MarkObjects: 1.487900 ms  DeleteObjects: 0.066700 ms)

AssetImportParameters requested are different than current active one (requested -> active):
  custom:graphics/normal-map-encoding: 01000000000000000000000000000000 -> 02000000000000000000000000000000
========================================================================
Received Prepare
Registering precompiled user dll's ...
Registered in 0.001877 seconds.
Begin MonoManager ReloadAssembly
Native extension for WindowsStandalone target not found
Refreshing native plugins compatible for Editor in 0.62 ms, found 3 plugins.
Preloading 1 native plugins for Editor in 0.08 ms.
Invoked RoslynAnalysisRunner static constructor.
RoslynAnalysisRunner will not be running.
RoslynAnalysisRunner has terminated.
NullReferenceException: Object reference not set to an instance of an object
  at Unity.XR.Oculus.OculusLoader.AssetPathToAbsolutePath (System.String assetPath) [0x00048] in C:\Users\DMC CONET\Downloads\Villian.ver6\Library\PackageCache\com.unity.xr.oculus@1.8.1\Runtime\OculusLoader.cs:243 
  at Unity.XR.Oculus.OculusLoader.EditorLoadOVRPlugin () [0x0007b] in C:\Users\DMC CONET\Downloads\Villian.ver6\Library\PackageCache\com.unity.xr.oculus@1.8.1\Runtime\OculusLoader.cs:228 

(Filename: C:/Users/DMC CONET/Downloads/Villian.ver6/Library/PackageCache/com.unity.xr.oculus@1.8.1/Runtime/OculusLoader.cs Line: 243)

Mono: successfully reloaded assembly
- Completed reload, in  0.781 seconds
Platform modules already initialized, skipping
Switching build target platform(5) subTarget(0) extendedPlatform(0) -> platform(13) subTarget(524288) extendedPlatform(0)
Refreshing native plugins compatible for Editor in 0.60 ms, found 3 plugins.
Preloading 1 native plugins for Editor in 0.07 ms.
Unloading 1692 Unused Serialized files (Serialized files now loaded: 0)
System memory in use before: 174.6 MB.
System memory in use after: 174.7 MB.

Unloading 6 unused Assets to reduce memory usage. Loaded Objects now: 2231.
Total: 2.173800 ms (FindLiveObjects: 0.254200 ms CreateObjectMapping: 0.052300 ms MarkObjects: 1.777900 ms  DeleteObjects: 0.088600 ms)

AssetImportParameters requested are different than current active one (requested -> active):
  custom:graphics/normal-map-encoding: 01000000000000000000000000000000 -> 02000000000000000000000000000000
AssetImportWorkerClient::OnTransportError - code=2 error=End of file
